[2020-01-19T09:37:36.126] [DEBUG] cheese - login => username:zs,password:123456
[2020-01-19T09:37:36.129] [DEBUG] cheese - zs
[2020-01-19T09:37:36.144] [DEBUG] cheese - null
[2020-01-19T09:37:36.144] [DEBUG] cheese - null
[2020-01-19T09:37:45.423] [DEBUG] cheese - login => username:admin,password:123456
[2020-01-19T09:37:45.423] [DEBUG] cheese - admin
[2020-01-19T09:37:45.432] [DEBUG] cheese - null
[2020-01-19T09:37:45.432] [DEBUG] cheese - null
[2020-01-19T14:58:49.600] [DEBUG] cheese - login => username:admin,password:123456
[2020-01-19T14:58:49.602] [DEBUG] cheese - admin
[2020-01-19T14:58:49.617] [DEBUG] cheese - null
[2020-01-19T14:58:49.618] [DEBUG] cheese - null
[2020-01-19T14:59:44.235] [DEBUG] cheese - login => username:admin,password:123456
[2020-01-19T14:59:44.235] [DEBUG] cheese - admin
[2020-01-19T14:59:44.238] [DEBUG] cheese - null
[2020-01-19T14:59:44.239] [DEBUG] cheese - null
[2020-01-19T15:17:42.569] [DEBUG] cheese - login => username:admin,password:123456
[2020-01-19T15:17:42.570] [DEBUG] cheese - admin
[2020-01-19T15:17:42.574] [DEBUG] cheese - null
[2020-01-19T15:17:42.574] [DEBUG] cheese - null
[2020-01-19T15:18:22.727] [DEBUG] cheese - login => username:admin,password:123456
[2020-01-19T15:18:22.727] [DEBUG] cheese - admin
[2020-01-19T15:18:22.729] [DEBUG] cheese - null
[2020-01-19T15:18:22.729] [DEBUG] cheese - null
[2020-01-19T15:18:26.210] [DEBUG] cheese - login => username:admin,password:123456
[2020-01-19T15:18:26.210] [DEBUG] cheese - admin
[2020-01-19T15:18:26.213] [DEBUG] cheese - null
[2020-01-19T15:18:26.213] [DEBUG] cheese - null
[2020-01-19T15:18:28.096] [DEBUG] cheese - login => username:admina,password:123456
[2020-01-19T15:18:28.096] [DEBUG] cheese - admina
[2020-01-19T15:18:28.098] [DEBUG] cheese - null
[2020-01-19T15:18:28.098] [DEBUG] cheese - null
[2020-01-19T15:25:07.169] [DEBUG] cheese - login => username:admin,password:123456
[2020-01-19T15:25:07.170] [DEBUG] cheese - admin
[2020-01-19T15:25:07.172] [DEBUG] cheese - null
[2020-01-19T15:25:07.173] [DEBUG] cheese - null
[2020-01-19T15:26:31.579] [DEBUG] cheese - login => username:admin,password:123456d
[2020-01-19T15:26:31.579] [DEBUG] cheese - admin
[2020-01-19T15:26:31.581] [DEBUG] cheese - null
[2020-01-19T15:26:31.581] [DEBUG] cheese - null
[2020-01-19T15:26:34.835] [DEBUG] cheese - login => username:admin,password:123456d
[2020-01-19T15:26:34.835] [DEBUG] cheese - admin
[2020-01-19T15:26:34.836] [DEBUG] cheese - null
[2020-01-19T15:26:34.837] [DEBUG] cheese - null
[2020-01-19T15:26:35.293] [DEBUG] cheese - login => username:admin,password:123456d
[2020-01-19T15:26:35.293] [DEBUG] cheese - admin
[2020-01-19T15:26:35.296] [DEBUG] cheese - null
[2020-01-19T15:26:35.296] [DEBUG] cheese - null
[2020-01-19T15:26:40.302] [DEBUG] cheese - login => username:admin,password:123456
[2020-01-19T15:26:40.302] [DEBUG] cheese - admin
[2020-01-19T15:26:40.304] [DEBUG] cheese - null
[2020-01-19T15:26:40.304] [DEBUG] cheese - null
[2020-01-19T15:28:41.289] [DEBUG] cheese - login => username:admin,password:123456
[2020-01-19T15:28:41.289] [DEBUG] cheese - admin
[2020-01-19T15:28:41.291] [DEBUG] cheese - null
[2020-01-19T15:28:41.291] [DEBUG] cheese - null
[2020-01-19T15:29:36.110] [DEBUG] cheese - login => username:admin,password:123456
[2020-01-19T15:29:36.110] [DEBUG] cheese - admin
[2020-01-19T15:29:36.113] [DEBUG] cheese - null
[2020-01-19T15:29:36.113] [DEBUG] cheese - null
[2020-01-19T15:30:03.885] [DEBUG] cheese - login => username:admin,password:123456
[2020-01-19T15:30:03.885] [DEBUG] cheese - admin
[2020-01-19T15:30:03.888] [DEBUG] cheese - null
[2020-01-19T15:30:03.888] [DEBUG] cheese - null
[2020-01-19T15:42:40.236] [DEBUG] cheese - login => username:admin,password:123456
[2020-01-19T15:42:40.236] [DEBUG] cheese - admin
[2020-01-19T15:42:40.239] [DEBUG] cheese - null
[2020-01-19T15:42:40.239] [DEBUG] cheese - null
[2020-01-19T16:03:47.994] [DEBUG] cheese - login => username:admin,password:123456
[2020-01-19T16:03:47.994] [DEBUG] cheese - admin
[2020-01-19T16:03:47.997] [DEBUG] cheese - null
[2020-01-19T16:03:47.997] [DEBUG] cheese - null
[2020-01-19T16:10:45.012] [DEBUG] cheese - login => username:admin,password:123456
[2020-01-19T16:10:45.012] [DEBUG] cheese - admin
[2020-01-19T16:10:45.016] [DEBUG] cheese - null
[2020-01-19T16:10:45.016] [DEBUG] cheese - null
[2020-01-19T16:11:53.433] [DEBUG] cheese - login => username:admin,password:123456
[2020-01-19T16:11:53.433] [DEBUG] cheese - admin
[2020-01-19T16:11:53.436] [DEBUG] cheese - null
[2020-01-19T16:11:53.436] [DEBUG] cheese - null
[2020-01-19T16:18:49.514] [DEBUG] cheese - login => username:admin,password:123456
[2020-01-19T16:18:49.514] [DEBUG] cheese - admin
[2020-01-19T16:18:49.516] [DEBUG] cheese - null
[2020-01-19T16:18:49.517] [DEBUG] cheese - null
[2020-01-19T16:28:16.679] [DEBUG] cheese - login => username:admin,password:123456
[2020-01-19T16:28:16.679] [DEBUG] cheese - admin
[2020-01-19T16:28:16.681] [DEBUG] cheese - null
[2020-01-19T16:28:16.681] [DEBUG] cheese - null
[2020-01-19T16:56:02.532] [DEBUG] cheese - login => username:admin,password:123456
[2020-01-19T16:56:02.533] [DEBUG] cheese - admin
[2020-01-19T16:56:02.536] [DEBUG] cheese - null
[2020-01-19T16:56:02.536] [DEBUG] cheese - null
[2020-01-19T17:21:38.815] [DEBUG] cheese - login => username:admin,password:123456
[2020-01-19T17:21:38.815] [DEBUG] cheese - admin
[2020-01-19T17:21:38.817] [DEBUG] cheese - null
[2020-01-19T17:21:38.817] [DEBUG] cheese - null
[2020-01-19T17:23:50.368] [DEBUG] cheese - login => username:admin,password:123456
[2020-01-19T17:23:50.369] [DEBUG] cheese - admin
[2020-01-19T17:23:50.371] [DEBUG] cheese - null
[2020-01-19T17:23:50.371] [DEBUG] cheese - null
[2020-01-19T17:24:24.053] [DEBUG] cheese - login => username:admin,password:123456
[2020-01-19T17:24:24.053] [DEBUG] cheese - admin
[2020-01-19T17:24:24.055] [DEBUG] cheese - null
[2020-01-19T17:24:24.055] [DEBUG] cheese - null
[2020-01-19T17:28:18.312] [DEBUG] cheese - login => username:admin,password:123456
[2020-01-19T17:28:18.312] [DEBUG] cheese - admin
[2020-01-19T17:28:18.315] [DEBUG] cheese - null
[2020-01-19T17:28:18.315] [DEBUG] cheese - null
[2020-01-19T17:44:37.466] [DEBUG] cheese - login => username:admin,password:123456
[2020-01-19T17:44:37.466] [DEBUG] cheese - admin
[2020-01-19T17:44:37.469] [DEBUG] cheese - null
[2020-01-19T17:44:37.469] [DEBUG] cheese - null
[2020-01-19T17:46:20.424] [DEBUG] cheese - login => username:admin,password:123456
[2020-01-19T17:46:20.424] [DEBUG] cheese - admin
[2020-01-19T17:46:20.428] [DEBUG] cheese - null
[2020-01-19T17:46:20.428] [DEBUG] cheese - null
[2020-01-19T21:53:47.644] [DEBUG] cheese - login => username:admin,password:123456
[2020-01-19T21:53:47.644] [DEBUG] cheese - admin
[2020-01-19T21:53:47.647] [DEBUG] cheese - null
[2020-01-19T21:53:47.647] [DEBUG] cheese - null
[2020-01-19T22:21:52.998] [DEBUG] cheese - login => username:admin,password:123456
[2020-01-19T22:21:52.998] [DEBUG] cheese - admin
[2020-01-19T22:21:53.001] [DEBUG] cheese - null
[2020-01-19T22:21:53.001] [DEBUG] cheese - null
[2020-01-19T23:08:34.335] [DEBUG] cheese - login => username:admin,password:123456
[2020-01-19T23:08:34.335] [DEBUG] cheese - admin
[2020-01-19T23:08:34.337] [DEBUG] cheese - null
[2020-01-19T23:08:34.337] [DEBUG] cheese - null
[2020-01-20T16:15:37.043] [DEBUG] cheese - login => username:admin,password:123456
[2020-01-20T16:15:37.045] [DEBUG] cheese - admin
[2020-01-20T16:15:37.055] [DEBUG] cheese - null
[2020-01-20T16:15:37.056] [DEBUG] cheese - null
[2020-01-20T16:40:51.810] [DEBUG] cheese - login => username:admin,password:123456
[2020-01-20T16:40:51.810] [DEBUG] cheese - admin
[2020-01-20T16:40:51.814] [DEBUG] cheese - null
[2020-01-20T16:40:51.814] [DEBUG] cheese - null
[2020-01-20T23:36:37.377] [DEBUG] cheese - login => username:admin,password:123456
[2020-01-20T23:36:37.378] [DEBUG] cheese - admin
[2020-01-20T23:36:37.380] [DEBUG] cheese - null
[2020-01-20T23:36:37.380] [DEBUG] cheese - null
[2020-01-21T15:57:20.945] [DEBUG] cheese - null
[2020-01-21T23:03:47.319] [DEBUG] cheese - login => username:admin,password:123456
[2020-01-21T23:03:47.320] [DEBUG] cheese - admin
[2020-01-21T23:03:47.323] [DEBUG] cheese - null
[2020-01-21T23:03:47.323] [DEBUG] cheese - null
[2020-01-23T20:44:20.582] [DEBUG] cheese - login => username:admin,password:123456
[2020-01-23T20:44:20.585] [DEBUG] cheese - admin
[2020-01-23T20:44:20.604] [DEBUG] cheese - null
[2020-01-23T20:44:20.605] [DEBUG] cheese - null
[2020-01-25T12:07:27.757] [DEBUG] cheese - login => username:admin,password:123456
[2020-01-25T12:07:27.758] [DEBUG] cheese - admin
[2020-01-25T12:07:27.868] [DEBUG] cheese - null
[2020-01-25T12:07:27.868] [DEBUG] cheese - null
[2020-01-25T17:55:09.328] [DEBUG] cheese - login => username:admin,password:123456
[2020-01-25T17:55:09.328] [DEBUG] cheese - admin
[2020-01-25T17:55:09.330] [DEBUG] cheese - null
[2020-01-25T17:55:09.330] [DEBUG] cheese - null
[2020-01-25T17:56:06.587] [DEBUG] cheese - login => username:admi,password:123456
[2020-01-25T17:56:06.588] [DEBUG] cheese - admi
[2020-01-25T17:56:06.589] [DEBUG] cheese - null
[2020-01-25T17:56:06.589] [DEBUG] cheese - null
[2020-01-25T17:56:10.552] [DEBUG] cheese - login => username:admin,password:123456
[2020-01-25T17:56:10.552] [DEBUG] cheese - admin
[2020-01-25T17:56:10.555] [DEBUG] cheese - null
[2020-01-25T17:56:10.555] [DEBUG] cheese - null
[2020-01-25T17:56:25.692] [DEBUG] cheese - login => username:linken,password:123456
[2020-01-25T17:56:25.692] [DEBUG] cheese - linken
[2020-01-25T17:56:25.695] [DEBUG] cheese - null
[2020-01-25T17:56:25.695] [DEBUG] cheese - null
[2020-01-25T17:56:33.086] [DEBUG] cheese - login => username:admin,password:123456
[2020-01-25T17:56:33.086] [DEBUG] cheese - admin
[2020-01-25T17:56:33.089] [DEBUG] cheese - null
[2020-01-25T17:56:33.089] [DEBUG] cheese - null
[2020-01-25T18:01:11.807] [DEBUG] cheese - login => username:auth,password:123456
[2020-01-25T18:01:11.807] [DEBUG] cheese - auth
[2020-01-25T18:01:11.809] [DEBUG] cheese - null
[2020-01-25T18:01:11.809] [DEBUG] cheese - null
[2020-01-25T18:01:21.331] [DEBUG] cheese - login => username:auth,password:123456
[2020-01-25T18:01:21.331] [DEBUG] cheese - auth
[2020-01-25T18:01:21.333] [DEBUG] cheese - null
[2020-01-25T18:01:21.333] [DEBUG] cheese - null
[2020-01-25T18:01:22.594] [DEBUG] cheese - login => username:admin,password:123456
[2020-01-25T18:01:22.594] [DEBUG] cheese - admin
[2020-01-25T18:01:22.596] [DEBUG] cheese - null
[2020-01-25T18:01:22.596] [DEBUG] cheese - null
[2020-01-25T18:01:46.719] [DEBUG] cheese - login => username:auth,password:123456
[2020-01-25T18:01:46.719] [DEBUG] cheese - auth
[2020-01-25T18:01:46.720] [DEBUG] cheese - null
[2020-01-25T18:01:46.720] [DEBUG] cheese - null
[2020-01-25T18:01:49.042] [DEBUG] cheese - null
[2020-01-25T18:01:49.045] [DEBUG] cheese - null
[2020-01-25T18:01:52.237] [DEBUG] cheese - null
[2020-01-25T18:01:52.238] [DEBUG] cheese - null
[2020-01-25T18:01:53.421] [DEBUG] cheese - null
[2020-01-25T18:01:53.424] [DEBUG] cheese - null
[2020-01-25T18:01:59.201] [DEBUG] cheese - login => username:admin,password:123456
[2020-01-25T18:01:59.201] [DEBUG] cheese - admin
[2020-01-25T18:01:59.202] [DEBUG] cheese - null
[2020-01-25T18:01:59.202] [DEBUG] cheese - null
[2020-01-26T13:07:24.764] [DEBUG] cheese - login => username:admin,password:123456
[2020-01-26T13:07:24.764] [DEBUG] cheese - admin
[2020-01-26T13:07:24.767] [DEBUG] cheese - null
[2020-01-26T13:07:24.767] [DEBUG] cheese - null
[2020-01-26T16:04:29.486] [DEBUG] cheese - login => username:admin,password:123456
[2020-01-26T16:04:29.486] [DEBUG] cheese - admin
[2020-01-26T16:04:29.592] [DEBUG] cheese - null
[2020-01-26T16:04:29.592] [DEBUG] cheese - null
[2020-01-26T17:42:27.771] [DEBUG] cheese - login => username:orders,password:123456
[2020-01-26T17:42:27.772] [DEBUG] cheese - orders
[2020-01-26T17:42:27.776] [DEBUG] cheese - null
[2020-01-26T17:42:27.776] [DEBUG] cheese - null
[2020-01-26T17:42:37.026] [DEBUG] cheese - login => username:admin,password:123456
[2020-01-26T17:42:37.026] [DEBUG] cheese - admin
[2020-01-26T17:42:37.031] [DEBUG] cheese - null
[2020-01-26T17:42:37.031] [DEBUG] cheese - null
[2020-01-26T17:42:51.967] [DEBUG] cheese - login => username:good,password:123456
[2020-01-26T17:42:51.967] [DEBUG] cheese - good
[2020-01-26T17:42:51.968] [DEBUG] cheese - null
[2020-01-26T17:42:51.969] [DEBUG] cheese - null
[2020-01-26T17:42:57.198] [DEBUG] cheese - login => username:good,password:123456
[2020-01-26T17:42:57.198] [DEBUG] cheese - good
[2020-01-26T17:42:57.202] [DEBUG] cheese - null
[2020-01-26T17:42:57.202] [DEBUG] cheese - null
[2020-01-26T17:43:03.117] [DEBUG] cheese - login => username:admin,password:123456
[2020-01-26T17:43:03.117] [DEBUG] cheese - admin
[2020-01-26T17:43:03.121] [DEBUG] cheese - null
[2020-01-26T17:43:03.121] [DEBUG] cheese - null
[2020-01-26T17:59:57.263] [DEBUG] cheese - login => username:linken,password:123456
[2020-01-26T17:59:57.263] [DEBUG] cheese - linken
[2020-01-26T17:59:57.266] [DEBUG] cheese - null
[2020-01-26T17:59:57.266] [DEBUG] cheese - null
[2020-01-26T17:59:59.567] [DEBUG] cheese - null
[2020-01-26T17:59:59.571] [DEBUG] cheese - null
[2020-01-26T18:00:00.669] [DEBUG] cheese - null
[2020-01-26T18:00:00.673] [DEBUG] cheese - null
[2020-01-26T18:00:01.722] [DEBUG] cheese - null
[2020-01-26T18:00:01.725] [DEBUG] cheese - null
[2020-01-26T18:00:12.566] [DEBUG] cheese - null
[2020-01-26T18:00:12.571] [DEBUG] cheese - null
[2020-01-26T18:00:13.701] [DEBUG] cheese - null
[2020-01-26T18:00:13.705] [DEBUG] cheese - null
[2020-01-26T18:00:20.653] [DEBUG] cheese - login => username:admin,password:123456
[2020-01-26T18:00:20.653] [DEBUG] cheese - admin
[2020-01-26T18:00:20.657] [DEBUG] cheese - null
[2020-01-26T18:00:20.657] [DEBUG] cheese - null
[2020-01-26T18:01:02.169] [DEBUG] cheese - login => username:admin,password:123456
[2020-01-26T18:01:02.169] [DEBUG] cheese - admin
[2020-01-26T18:01:02.174] [DEBUG] cheese - null
[2020-01-26T18:01:02.174] [DEBUG] cheese - null
[2020-01-26T18:01:11.646] [DEBUG] cheese - login => username:orders,password:123456
[2020-01-26T18:01:11.646] [DEBUG] cheese - orders
[2020-01-26T18:01:11.650] [DEBUG] cheese - null
[2020-01-26T18:01:11.650] [DEBUG] cheese - null
[2020-01-26T18:01:12.416] [DEBUG] cheese - login => username:orders,password:123456
[2020-01-26T18:01:12.416] [DEBUG] cheese - orders
[2020-01-26T18:01:12.421] [DEBUG] cheese - null
[2020-01-26T18:01:12.421] [DEBUG] cheese - null
[2020-01-26T18:01:12.616] [DEBUG] cheese - login => username:orders,password:123456
[2020-01-26T18:01:12.617] [DEBUG] cheese - orders
[2020-01-26T18:01:12.620] [DEBUG] cheese - null
[2020-01-26T18:01:12.621] [DEBUG] cheese - null
[2020-01-26T18:01:15.327] [DEBUG] cheese - login => username:admin,password:123456
[2020-01-26T18:01:15.327] [DEBUG] cheese - admin
[2020-01-26T18:01:15.331] [DEBUG] cheese - null
[2020-01-26T18:01:15.331] [DEBUG] cheese - null
[2020-01-26T22:01:29.107] [DEBUG] cheese - login => username:admin,password:123456
[2020-01-26T22:01:29.107] [DEBUG] cheese - admin
[2020-01-26T22:01:29.113] [DEBUG] cheese - null
[2020-01-26T22:01:29.113] [DEBUG] cheese - null
[2020-01-28T09:54:49.669] [DEBUG] cheese - login => username:admin,password:123456
[2020-01-28T09:54:49.671] [DEBUG] cheese - admin
[2020-01-28T09:54:49.689] [DEBUG] cheese - null
[2020-01-28T09:54:49.690] [DEBUG] cheese - null
[2020-01-28T09:59:40.428] [DEBUG] cheese - login => username:admin,password:123456
[2020-01-28T09:59:40.428] [DEBUG] cheese - admin
[2020-01-28T09:59:40.431] [DEBUG] cheese - null
[2020-01-28T09:59:40.431] [DEBUG] cheese - null
[2020-01-28T12:56:54.555] [DEBUG] cheese - login => username:admin,password:123456
[2020-01-28T12:56:54.555] [DEBUG] cheese - admin
[2020-01-28T12:56:54.558] [DEBUG] cheese - null
[2020-01-28T12:56:54.558] [DEBUG] cheese - null
[2020-01-29T14:09:05.931] [DEBUG] cheese - login => username:admin,password:123456
[2020-01-29T14:09:05.931] [DEBUG] cheese - admin
[2020-01-29T14:09:05.987] [DEBUG] cheese - null
[2020-01-29T14:09:05.987] [DEBUG] cheese - null
[2020-01-30T13:06:03.979] [DEBUG] cheese - login => username:admin,password:123456
[2020-01-30T13:06:03.981] [DEBUG] cheese - admin
[2020-01-30T13:06:03.998] [DEBUG] cheese - null
[2020-01-30T13:06:03.999] [DEBUG] cheese - null
[2020-01-31T15:04:41.057] [DEBUG] cheese - login => username:admin,password:123456
[2020-01-31T15:04:41.059] [DEBUG] cheese - admin
[2020-01-31T15:04:41.091] [DEBUG] cheese - null
[2020-01-31T15:04:41.091] [DEBUG] cheese - null
[2020-01-31T15:16:39.226] [DEBUG] cheese - login => username:admin,password:123456
[2020-01-31T15:16:39.226] [DEBUG] cheese - admin
[2020-01-31T15:16:39.230] [DEBUG] cheese - null
[2020-01-31T15:16:39.230] [DEBUG] cheese - null
[2020-01-31T15:16:57.411] [DEBUG] cheese - login => username:admin,password:123456
[2020-01-31T15:16:57.412] [DEBUG] cheese - admin
[2020-01-31T15:16:57.416] [DEBUG] cheese - null
[2020-01-31T15:16:57.416] [DEBUG] cheese - null
[2020-01-31T16:45:49.514] [DEBUG] cheese - null
[2020-02-01T15:19:52.934] [DEBUG] cheese - login => username:admin,password:123456
[2020-02-01T15:19:52.934] [DEBUG] cheese - admin
[2020-02-01T15:19:52.943] [DEBUG] cheese - null
[2020-02-01T15:19:52.943] [DEBUG] cheese - null
[2020-02-02T10:55:43.884] [DEBUG] cheese - login => username:admin,password:123456
[2020-02-02T10:55:43.884] [DEBUG] cheese - admin
[2020-02-02T10:55:43.887] [DEBUG] cheese - null
[2020-02-02T10:55:43.887] [DEBUG] cheese - null
[2020-02-02T12:23:43.455] [DEBUG] cheese - login => username:admin,password:123456
[2020-02-02T12:23:43.458] [DEBUG] cheese - admin
[2020-02-02T12:23:43.478] [DEBUG] cheese - null
[2020-02-02T12:23:43.478] [DEBUG] cheese - null
[2020-02-02T12:25:57.106] [DEBUG] cheese - login => username:admin,password:123456
[2020-02-02T12:25:57.106] [DEBUG] cheese - admin
[2020-02-02T12:25:57.112] [DEBUG] cheese - null
[2020-02-02T12:25:57.112] [DEBUG] cheese - null
[2020-02-02T12:27:41.624] [DEBUG] cheese - login => username:admin,password:123456
[2020-02-02T12:27:41.624] [DEBUG] cheese - admin
[2020-02-02T12:27:41.630] [DEBUG] cheese - null
[2020-02-02T12:27:41.630] [DEBUG] cheese - null
[2020-02-02T12:28:10.566] [DEBUG] cheese - login => username:admin5,password:123456
[2020-02-02T12:28:10.566] [DEBUG] cheese - admin5
[2020-02-02T12:28:10.570] [DEBUG] cheese - null
[2020-02-02T12:28:10.571] [DEBUG] cheese - null
[2020-02-02T12:28:31.941] [DEBUG] cheese - login => username:admin,password:123456
[2020-02-02T12:28:31.941] [DEBUG] cheese - admin
[2020-02-02T12:28:31.946] [DEBUG] cheese - null
[2020-02-02T12:28:31.946] [DEBUG] cheese - null
[2020-02-02T12:40:46.618] [DEBUG] cheese - login => username:admin,password:123456
[2020-02-02T12:40:46.619] [DEBUG] cheese - admin
[2020-02-02T12:40:46.622] [DEBUG] cheese - null
[2020-02-02T12:40:46.622] [DEBUG] cheese - null
[2020-02-02T12:47:25.040] [DEBUG] cheese - login => username:admin,password:123456
[2020-02-02T12:47:25.040] [DEBUG] cheese - admin
[2020-02-02T12:47:25.043] [DEBUG] cheese - null
[2020-02-02T12:47:25.043] [DEBUG] cheese - null
[2020-02-02T12:59:06.747] [DEBUG] cheese - login => username:admin,password:123456
[2020-02-02T12:59:06.750] [DEBUG] cheese - admin
[2020-02-02T12:59:06.762] [DEBUG] cheese - null
[2020-02-02T12:59:06.762] [DEBUG] cheese - null
[2020-02-02T13:42:31.266] [DEBUG] cheese - login => username:admin,password:123456
[2020-02-02T13:42:31.266] [DEBUG] cheese - admin
[2020-02-02T13:42:31.272] [DEBUG] cheese - null
[2020-02-02T13:42:31.273] [DEBUG] cheese - null
[2020-02-02T13:42:52.236] [DEBUG] cheese - login => username:admin,password:123456
[2020-02-02T13:42:52.237] [DEBUG] cheese - admin
[2020-02-02T13:42:52.241] [DEBUG] cheese - null
[2020-02-02T13:42:52.241] [DEBUG] cheese - null
[2020-02-02T13:43:22.373] [DEBUG] cheese - login => username:admin,password:123456
[2020-02-02T13:43:22.373] [DEBUG] cheese - admin
[2020-02-02T13:43:22.381] [DEBUG] cheese - null
[2020-02-02T13:43:22.382] [DEBUG] cheese - null
[2020-02-02T13:57:57.669] [DEBUG] cheese - login => username:admin,password:123456
[2020-02-02T13:57:57.669] [DEBUG] cheese - admin
[2020-02-02T13:57:57.675] [DEBUG] cheese - null
[2020-02-02T13:57:57.675] [DEBUG] cheese - null
[2020-02-02T14:01:00.834] [DEBUG] cheese - login => username:admin,password:123456
[2020-02-02T14:01:00.836] [DEBUG] cheese - admin
[2020-02-02T14:01:00.875] [DEBUG] cheese - null
[2020-02-02T14:01:00.876] [DEBUG] cheese - null
[2020-02-02T14:28:33.260] [DEBUG] cheese - login => username:admin,password:123456
[2020-02-02T14:28:33.260] [DEBUG] cheese - admin
[2020-02-02T14:28:33.263] [DEBUG] cheese - null
[2020-02-02T14:28:33.263] [DEBUG] cheese - null
[2020-02-02T14:35:49.467] [DEBUG] cheese - login => username:admin,password:123456
[2020-02-02T14:35:49.467] [DEBUG] cheese - admin
[2020-02-02T14:35:49.470] [DEBUG] cheese - null
[2020-02-02T14:35:49.470] [DEBUG] cheese - null
[2020-02-02T15:29:21.354] [DEBUG] cheese - login => username:admin,password:123456
[2020-02-02T15:29:21.354] [DEBUG] cheese - admin
[2020-02-02T15:29:21.363] [DEBUG] cheese - null
[2020-02-02T15:29:21.363] [DEBUG] cheese - null
[2020-02-02T15:34:42.350] [DEBUG] cheese - login => username:admin,password:123456
[2020-02-02T15:34:42.350] [DEBUG] cheese - admin
[2020-02-02T15:34:42.352] [DEBUG] cheese - null
[2020-02-02T15:34:42.353] [DEBUG] cheese - null
[2020-02-02T16:01:32.433] [DEBUG] cheese - login => username:admin,password:123456
[2020-02-02T16:01:32.433] [DEBUG] cheese - admin
[2020-02-02T16:01:32.435] [DEBUG] cheese - null
[2020-02-02T16:01:32.435] [DEBUG] cheese - null
[2020-02-02T16:11:20.413] [DEBUG] cheese - login => username:admin,password:123456
[2020-02-02T16:11:20.413] [DEBUG] cheese - admin
[2020-02-02T16:11:20.414] [DEBUG] cheese - null
[2020-02-02T16:11:20.414] [DEBUG] cheese - null
[2020-02-05T13:54:07.684] [DEBUG] cheese - login => username:admin,password:123456
[2020-02-05T13:54:07.685] [DEBUG] cheese - admin
[2020-02-05T13:54:07.719] [DEBUG] cheese - null
[2020-02-05T13:54:07.719] [DEBUG] cheese - null
[2020-02-14T17:01:46.873] [DEBUG] cheese - login => username:admin,password:123456
[2020-02-14T17:01:46.876] [DEBUG] cheese - admin
[2020-02-14T17:01:46.900] [DEBUG] cheese - null
[2020-02-14T17:01:46.901] [DEBUG] cheese - null
[2020-02-14T17:50:21.591] [DEBUG] cheese - login => username:admin,password:123456
[2020-02-14T17:50:21.594] [DEBUG] cheese - admin
[2020-02-14T17:50:21.604] [DEBUG] cheese - null
[2020-02-14T17:50:21.604] [DEBUG] cheese - null
[2020-02-14T17:51:46.243] [DEBUG] cheese - login => username:report,password:123456
[2020-02-14T17:51:46.244] [DEBUG] cheese - report
[2020-02-14T17:51:46.247] [DEBUG] cheese - null
[2020-02-14T17:51:46.247] [DEBUG] cheese - null
[2020-02-14T17:51:51.927] [DEBUG] cheese - login => username:admin,password:123456
[2020-02-14T17:51:51.928] [DEBUG] cheese - admin
[2020-02-14T17:51:51.930] [DEBUG] cheese - null
[2020-02-14T17:51:51.930] [DEBUG] cheese - null
[2020-02-14T17:53:05.427] [DEBUG] cheese - login => username:author,password:123456
[2020-02-14T17:53:05.427] [DEBUG] cheese - author
[2020-02-14T17:53:05.429] [DEBUG] cheese - null
[2020-02-14T17:53:05.429] [DEBUG] cheese - null
[2020-02-14T17:53:07.947] [DEBUG] cheese - null
[2020-02-14T17:53:07.949] [DEBUG] cheese - null
[2020-02-14T17:53:13.294] [DEBUG] cheese - null
[2020-02-14T17:53:13.296] [DEBUG] cheese - null
[2020-02-14T17:53:14.599] [DEBUG] cheese - null
[2020-02-14T17:53:14.601] [DEBUG] cheese - null
[2020-02-14T17:53:23.043] [DEBUG] cheese - login => username:admin,password:123456
[2020-02-14T17:53:23.043] [DEBUG] cheese - admin
[2020-02-14T17:53:23.045] [DEBUG] cheese - null
[2020-02-14T17:53:23.045] [DEBUG] cheese - null
[2020-02-15T13:35:26.258] [DEBUG] cheese - login => username:admin,password:123456
[2020-02-15T13:35:26.259] [DEBUG] cheese - admin
[2020-02-15T13:35:26.261] [DEBUG] cheese - null
[2020-02-15T13:35:26.261] [DEBUG] cheese - null
[2020-02-16T12:38:14.875] [DEBUG] cheese - login => username:admin,password:123456
[2020-02-16T12:38:14.875] [DEBUG] cheese - admin
[2020-02-16T12:38:14.885] [DEBUG] cheese - null
[2020-02-16T12:38:14.885] [DEBUG] cheese - null
[2020-02-19T12:23:52.880] [DEBUG] cheese - login => username:admin,password:123456
[2020-02-19T12:23:52.880] [DEBUG] cheese - admin
[2020-02-19T12:23:52.886] [DEBUG] cheese - null
[2020-02-19T12:23:52.887] [DEBUG] cheese - null
[2020-02-19T12:26:17.173] [DEBUG] cheese - login => username:admin,password:123456
[2020-02-19T12:26:17.173] [DEBUG] cheese - admin
[2020-02-19T12:26:17.176] [DEBUG] cheese - null
[2020-02-19T12:26:17.176] [DEBUG] cheese - null
[2020-02-19T12:27:14.420] [DEBUG] cheese - login => username:admin,password:123456
[2020-02-19T12:27:14.420] [DEBUG] cheese - admin
[2020-02-19T12:27:14.422] [DEBUG] cheese - null
[2020-02-19T12:27:14.423] [DEBUG] cheese - null
[2020-02-28T11:02:52.818] [DEBUG] cheese - login => username:admin,password:123456
[2020-02-28T11:02:52.820] [DEBUG] cheese - admin
[2020-02-28T11:02:52.845] [DEBUG] cheese - null
[2020-02-28T11:02:52.846] [DEBUG] cheese - null
[2020-02-28T11:05:51.215] [DEBUG] cheese - login => username:admin,password:12344455
[2020-02-28T11:05:51.217] [DEBUG] cheese - admin
[2020-02-28T11:05:51.220] [DEBUG] cheese - null
[2020-02-28T11:05:51.221] [DEBUG] cheese - null
[2020-02-28T11:05:52.137] [DEBUG] cheese - login => username:admin,password:12344455
[2020-02-28T11:05:52.138] [DEBUG] cheese - admin
[2020-02-28T11:05:52.140] [DEBUG] cheese - null
[2020-02-28T11:05:52.140] [DEBUG] cheese - null
[2020-02-28T11:05:52.499] [DEBUG] cheese - login => username:admin,password:12344455
[2020-02-28T11:05:52.500] [DEBUG] cheese - admin
[2020-02-28T11:05:52.502] [DEBUG] cheese - null
[2020-02-28T11:05:52.502] [DEBUG] cheese - null
[2020-02-28T11:05:52.661] [DEBUG] cheese - login => username:admin,password:12344455
[2020-02-28T11:05:52.661] [DEBUG] cheese - admin
[2020-02-28T11:05:52.664] [DEBUG] cheese - null
[2020-02-28T11:05:52.664] [DEBUG] cheese - null
[2020-02-28T11:05:53.361] [DEBUG] cheese - login => username:admin,password:12344455
[2020-02-28T11:05:53.361] [DEBUG] cheese - admin
[2020-02-28T11:05:53.364] [DEBUG] cheese - null
[2020-02-28T11:05:53.364] [DEBUG] cheese - null
[2020-02-28T11:05:53.575] [DEBUG] cheese - login => username:admin,password:12344455
[2020-02-28T11:05:53.575] [DEBUG] cheese - admin
[2020-02-28T11:05:53.577] [DEBUG] cheese - null
[2020-02-28T11:05:53.577] [DEBUG] cheese - null
[2020-02-28T11:05:53.773] [DEBUG] cheese - login => username:admin,password:12344455
[2020-02-28T11:05:53.773] [DEBUG] cheese - admin
[2020-02-28T11:05:53.774] [DEBUG] cheese - null
[2020-02-28T11:05:53.774] [DEBUG] cheese - null
[2020-02-28T11:05:53.967] [DEBUG] cheese - login => username:admin,password:12344455
[2020-02-28T11:05:53.968] [DEBUG] cheese - admin
[2020-02-28T11:05:53.970] [DEBUG] cheese - null
[2020-02-28T11:05:53.970] [DEBUG] cheese - null
[2020-02-28T11:05:58.145] [DEBUG] cheese - login => username:admin,password:43434333
[2020-02-28T11:05:58.145] [DEBUG] cheese - admin
[2020-02-28T11:05:58.147] [DEBUG] cheese - null
[2020-02-28T11:05:58.147] [DEBUG] cheese - null
[2020-02-28T11:06:02.525] [DEBUG] cheese - login => username:admin,password:123456
[2020-02-28T11:06:02.525] [DEBUG] cheese - admin
[2020-02-28T11:06:02.527] [DEBUG] cheese - null
[2020-02-28T11:06:02.527] [DEBUG] cheese - null
[2020-02-28T11:15:22.782] [DEBUG] cheese - login => username:admin,password:123456
[2020-02-28T11:15:22.784] [DEBUG] cheese - admin
[2020-02-28T11:15:23.457] [DEBUG] cheese - login => username:admin,password:123456
[2020-02-28T11:15:23.457] [DEBUG] cheese - admin
[2020-02-28T11:15:23.627] [DEBUG] cheese - login => username:admin,password:123456
[2020-02-28T11:15:23.627] [DEBUG] cheese - admin
[2020-02-28T11:15:24.804] [DEBUG] cheese - { inspect: [Function: inspect] }
[2020-02-28T11:15:24.805] [DEBUG] cheese - 查询失败
[2020-02-28T11:15:25.494] [DEBUG] cheese - { inspect: [Function: inspect] }
[2020-02-28T11:15:25.495] [DEBUG] cheese - 查询失败
[2020-02-28T11:15:25.635] [DEBUG] cheese - { inspect: [Function: inspect] }
[2020-02-28T11:15:25.636] [DEBUG] cheese - 查询失败
[2020-02-28T11:15:36.713] [DEBUG] cheese - login => username:admin,password:123456
[2020-02-28T11:15:36.714] [DEBUG] cheese - admin
[2020-02-28T11:15:36.728] [DEBUG] cheese - null
[2020-02-28T11:15:36.728] [DEBUG] cheese - null
[2020-02-28T11:15:40.347] [DEBUG] cheese - login => username:admin,password:123456
[2020-02-28T11:15:40.347] [DEBUG] cheese - admin
[2020-02-28T11:15:40.350] [DEBUG] cheese - null
[2020-02-28T11:15:40.350] [DEBUG] cheese - null
[2020-02-28T20:46:42.879] [DEBUG] cheese - login => username:admin,password:123456
[2020-02-28T20:46:42.882] [DEBUG] cheese - admin
[2020-02-28T20:46:42.898] [DEBUG] cheese - null
[2020-02-28T20:46:42.898] [DEBUG] cheese - null
[2020-02-28T20:46:57.281] [DEBUG] cheese - login => username:admin,password:123456
[2020-02-28T20:46:57.281] [DEBUG] cheese - admin
[2020-02-28T20:46:59.290] [DEBUG] cheese - { inspect: [Function: inspect] }
[2020-02-28T20:46:59.297] [DEBUG] cheese - 查询失败
[2020-02-28T20:46:59.852] [DEBUG] cheese - login => username:admin,password:123456
[2020-02-28T20:46:59.852] [DEBUG] cheese - admin
[2020-02-28T20:47:00.062] [DEBUG] cheese - login => username:admin,password:123456
[2020-02-28T20:47:00.062] [DEBUG] cheese - admin
[2020-02-28T20:47:00.247] [DEBUG] cheese - login => username:admin,password:123456
[2020-02-28T20:47:00.247] [DEBUG] cheese - admin
[2020-02-28T20:47:00.605] [DEBUG] cheese - login => username:admin,password:123456
[2020-02-28T20:47:00.605] [DEBUG] cheese - admin
[2020-02-28T20:47:00.799] [DEBUG] cheese - login => username:admin,password:123456
[2020-02-28T20:47:00.799] [DEBUG] cheese - admin
[2020-02-28T20:47:00.990] [DEBUG] cheese - login => username:admin,password:123456
[2020-02-28T20:47:00.990] [DEBUG] cheese - admin
[2020-02-28T20:47:01.856] [DEBUG] cheese - { inspect: [Function: inspect] }
[2020-02-28T20:47:01.856] [DEBUG] cheese - 查询失败
[2020-02-28T20:47:02.066] [DEBUG] cheese - { inspect: [Function: inspect] }
[2020-02-28T20:47:02.067] [DEBUG] cheese - 查询失败
[2020-02-28T20:47:02.254] [DEBUG] cheese - { inspect: [Function: inspect] }
[2020-02-28T20:47:02.255] [DEBUG] cheese - 查询失败
[2020-02-28T20:47:02.612] [DEBUG] cheese - { inspect: [Function: inspect] }
[2020-02-28T20:47:02.613] [DEBUG] cheese - 查询失败
[2020-02-28T20:47:02.803] [DEBUG] cheese - { inspect: [Function: inspect] }
[2020-02-28T20:47:02.804] [DEBUG] cheese - 查询失败
[2020-02-28T20:47:02.997] [DEBUG] cheese - { inspect: [Function: inspect] }
[2020-02-28T20:47:02.998] [DEBUG] cheese - 查询失败
[2020-02-28T20:47:08.432] [DEBUG] cheese - login => username:admin,password:123456
[2020-02-28T20:47:08.432] [DEBUG] cheese - admin
[2020-02-28T20:47:10.436] [DEBUG] cheese - { inspect: [Function: inspect] }
[2020-02-28T20:47:10.436] [DEBUG] cheese - 查询失败
[2020-02-28T20:57:26.653] [DEBUG] cheese - login => username:admin,password:123456
[2020-02-28T20:57:26.654] [DEBUG] cheese - admin
[2020-02-28T20:57:26.671] [DEBUG] cheese - null
[2020-02-28T20:57:26.672] [DEBUG] cheese - null
[2020-02-28T20:57:27.578] [DEBUG] cheese - login => username:admin,password:123456
[2020-02-28T20:57:27.579] [DEBUG] cheese - admin
[2020-02-28T20:57:27.581] [DEBUG] cheese - null
[2020-02-28T20:57:27.581] [DEBUG] cheese - null
[2020-02-28T20:57:34.134] [DEBUG] cheese - login => username:admin,password:123456
[2020-02-28T20:57:34.134] [DEBUG] cheese - admin
[2020-02-28T20:57:34.138] [DEBUG] cheese - null
[2020-02-28T20:57:34.138] [DEBUG] cheese - null
[2020-02-28T20:57:57.232] [DEBUG] cheese - login => username:admin,password:123456
[2020-02-28T20:57:57.232] [DEBUG] cheese - admin
[2020-02-28T20:57:59.239] [DEBUG] cheese - { inspect: [Function: inspect] }
[2020-02-28T20:57:59.241] [DEBUG] cheese - 查询失败
[2020-02-28T20:58:05.565] [DEBUG] cheese - login => username:admin,password:123456
[2020-02-28T20:58:05.565] [DEBUG] cheese - admin
[2020-02-28T20:58:07.571] [DEBUG] cheese - { inspect: [Function: inspect] }
[2020-02-28T20:58:07.572] [DEBUG] cheese - 查询失败
[2020-02-28T20:58:22.949] [DEBUG] cheese - login => username:admin,password:123456
[2020-02-28T20:58:22.949] [DEBUG] cheese - admin
[2020-02-28T20:58:22.961] [DEBUG] cheese - null
[2020-02-28T20:58:22.961] [DEBUG] cheese - null
[2020-02-28T20:58:35.193] [DEBUG] cheese - login => username:admin,password:123456
[2020-02-28T20:58:35.194] [DEBUG] cheese - admin
[2020-02-28T20:58:35.196] [DEBUG] cheese - null
[2020-02-28T20:58:35.196] [DEBUG] cheese - null
[2020-02-28T20:59:15.860] [DEBUG] cheese - login => username:admin,password:123456
[2020-02-28T20:59:15.860] [DEBUG] cheese - admin
[2020-02-28T20:59:15.863] [DEBUG] cheese - null
[2020-02-28T20:59:15.863] [DEBUG] cheese - null
[2020-02-28T21:01:09.864] [DEBUG] cheese - login => username:admin,password:1234567
[2020-02-28T21:01:09.864] [DEBUG] cheese - admin
[2020-02-28T21:01:09.866] [DEBUG] cheese - null
[2020-02-28T21:01:09.866] [DEBUG] cheese - null
[2020-02-28T21:26:51.669] [DEBUG] cheese - login => username:admin,password:123456
[2020-02-28T21:26:51.669] [DEBUG] cheese - admin
[2020-02-28T21:26:51.671] [DEBUG] cheese - null
[2020-02-28T21:26:51.671] [DEBUG] cheese - null
[2020-02-28T21:59:38.439] [DEBUG] cheese - login => username:admin,password:123456
[2020-02-28T21:59:38.439] [DEBUG] cheese - admin
[2020-02-28T21:59:38.442] [DEBUG] cheese - null
[2020-02-28T21:59:38.442] [DEBUG] cheese - null
[2020-02-28T21:59:40.052] [DEBUG] cheese - login => username:admin,password:123456
[2020-02-28T21:59:40.053] [DEBUG] cheese - admin
[2020-02-28T21:59:40.055] [DEBUG] cheese - null
[2020-02-28T21:59:40.055] [DEBUG] cheese - null
[2020-02-28T21:59:41.509] [DEBUG] cheese - login => username:admin,password:123456
[2020-02-28T21:59:41.509] [DEBUG] cheese - admin
[2020-02-28T21:59:41.512] [DEBUG] cheese - null
[2020-02-28T21:59:41.512] [DEBUG] cheese - null
[2020-02-28T21:59:43.061] [DEBUG] cheese - login => username:admin,password:123456
[2020-02-28T21:59:43.061] [DEBUG] cheese - admin
[2020-02-28T21:59:43.064] [DEBUG] cheese - null
[2020-02-28T21:59:43.064] [DEBUG] cheese - null
[2020-02-28T22:00:15.064] [DEBUG] cheese - login => username:admin1,password:123456
[2020-02-28T22:00:15.064] [DEBUG] cheese - admin1
[2020-02-28T22:00:15.068] [DEBUG] cheese - null
[2020-02-28T22:00:15.068] [DEBUG] cheese - null
[2020-02-28T22:00:21.485] [DEBUG] cheese - login => username:admin,password:12345655
[2020-02-28T22:00:21.485] [DEBUG] cheese - admin
[2020-02-28T22:00:21.487] [DEBUG] cheese - null
[2020-02-28T22:00:21.488] [DEBUG] cheese - null
[2020-02-28T22:03:51.915] [DEBUG] cheese - login => username:admin,password:123456
[2020-02-28T22:03:51.915] [DEBUG] cheese - admin
[2020-02-28T22:03:51.918] [DEBUG] cheese - null
[2020-02-28T22:03:51.918] [DEBUG] cheese - null
[2020-02-28T22:04:18.730] [DEBUG] cheese - login => username:admin,password:123456
[2020-02-28T22:04:18.730] [DEBUG] cheese - admin
[2020-02-28T22:04:18.732] [DEBUG] cheese - null
[2020-02-28T22:04:18.732] [DEBUG] cheese - null
[2020-02-28T22:04:20.150] [DEBUG] cheese - login => username:admin,password:123456
[2020-02-28T22:04:20.150] [DEBUG] cheese - admin
[2020-02-28T22:04:20.154] [DEBUG] cheese - null
[2020-02-28T22:04:20.154] [DEBUG] cheese - null
[2020-02-28T22:04:24.927] [DEBUG] cheese - login => username:admin,password:123456
[2020-02-28T22:04:24.927] [DEBUG] cheese - admin
[2020-02-28T22:04:24.931] [DEBUG] cheese - null
[2020-02-28T22:04:24.931] [DEBUG] cheese - null
[2020-02-28T22:04:26.836] [DEBUG] cheese - login => username:admin,password:123456
[2020-02-28T22:04:26.836] [DEBUG] cheese - admin
[2020-02-28T22:04:26.839] [DEBUG] cheese - null
[2020-02-28T22:04:26.839] [DEBUG] cheese - null
[2020-02-28T22:04:30.159] [DEBUG] cheese - login => username:admin,password:123456
[2020-02-28T22:04:30.159] [DEBUG] cheese - admin
[2020-02-28T22:04:30.161] [DEBUG] cheese - null
[2020-02-28T22:04:30.161] [DEBUG] cheese - null
[2020-02-28T22:04:58.458] [DEBUG] cheese - login => username:admin,password:123456
[2020-02-28T22:04:58.458] [DEBUG] cheese - admin
[2020-02-28T22:04:58.460] [DEBUG] cheese - null
[2020-02-28T22:04:58.460] [DEBUG] cheese - null
[2020-02-28T22:05:02.891] [DEBUG] cheese - login => username:admin,password:123456
[2020-02-28T22:05:02.891] [DEBUG] cheese - admin
[2020-02-28T22:05:02.894] [DEBUG] cheese - null
[2020-02-28T22:05:02.894] [DEBUG] cheese - null
[2020-02-28T22:08:12.974] [DEBUG] cheese - login => username:admin,password:123456
[2020-02-28T22:08:12.974] [DEBUG] cheese - admin
[2020-02-28T22:08:12.977] [DEBUG] cheese - null
[2020-02-28T22:08:12.977] [DEBUG] cheese - null
[2020-02-28T22:08:30.769] [DEBUG] cheese - login => username:admin,password:123456
[2020-02-28T22:08:30.769] [DEBUG] cheese - admin
[2020-02-28T22:08:30.772] [DEBUG] cheese - null
[2020-02-28T22:08:30.772] [DEBUG] cheese - null
[2020-02-28T22:08:54.287] [DEBUG] cheese - login => username:admin,password:123456
[2020-02-28T22:08:54.287] [DEBUG] cheese - admin
[2020-02-28T22:08:54.291] [DEBUG] cheese - null
[2020-02-28T22:08:54.291] [DEBUG] cheese - null
[2020-02-28T22:08:55.874] [DEBUG] cheese - login => username:admin,password:123456
[2020-02-28T22:08:55.874] [DEBUG] cheese - admin
[2020-02-28T22:08:55.876] [DEBUG] cheese - null
[2020-02-28T22:08:55.877] [DEBUG] cheese - null
[2020-02-28T22:08:58.596] [DEBUG] cheese - login => username:admin,password:123456
[2020-02-28T22:08:58.596] [DEBUG] cheese - admin
[2020-02-28T22:08:58.599] [DEBUG] cheese - null
[2020-02-28T22:08:58.599] [DEBUG] cheese - null
[2020-02-28T22:09:05.596] [DEBUG] cheese - login => username:admin,password:123456
[2020-02-28T22:09:05.597] [DEBUG] cheese - admin
[2020-02-28T22:09:05.600] [DEBUG] cheese - null
[2020-02-28T22:09:05.600] [DEBUG] cheese - null
[2020-02-28T22:09:21.791] [DEBUG] cheese - login => username:admin,password:123456
[2020-02-28T22:09:21.792] [DEBUG] cheese - admin
[2020-02-28T22:09:21.794] [DEBUG] cheese - null
[2020-02-28T22:09:21.794] [DEBUG] cheese - null
[2020-02-28T22:09:23.055] [DEBUG] cheese - login => username:admin,password:123456
[2020-02-28T22:09:23.055] [DEBUG] cheese - admin
[2020-02-28T22:09:23.058] [DEBUG] cheese - null
[2020-02-28T22:09:23.058] [DEBUG] cheese - null
[2020-02-28T22:09:23.232] [DEBUG] cheese - login => username:admin,password:123456
[2020-02-28T22:09:23.232] [DEBUG] cheese - admin
[2020-02-28T22:09:23.234] [DEBUG] cheese - null
[2020-02-28T22:09:23.234] [DEBUG] cheese - null
[2020-02-28T22:09:23.387] [DEBUG] cheese - login => username:admin,password:123456
[2020-02-28T22:09:23.387] [DEBUG] cheese - admin
[2020-02-28T22:09:23.390] [DEBUG] cheese - null
[2020-02-28T22:09:23.390] [DEBUG] cheese - null
[2020-02-28T22:09:23.558] [DEBUG] cheese - login => username:admin,password:123456
[2020-02-28T22:09:23.558] [DEBUG] cheese - admin
[2020-02-28T22:09:23.560] [DEBUG] cheese - null
[2020-02-28T22:09:23.560] [DEBUG] cheese - null
[2020-02-28T22:09:23.714] [DEBUG] cheese - login => username:admin,password:123456
[2020-02-28T22:09:23.714] [DEBUG] cheese - admin
[2020-02-28T22:09:23.716] [DEBUG] cheese - null
[2020-02-28T22:09:23.716] [DEBUG] cheese - null
[2020-02-28T22:09:23.889] [DEBUG] cheese - login => username:admin,password:123456
[2020-02-28T22:09:23.889] [DEBUG] cheese - admin
[2020-02-28T22:09:23.891] [DEBUG] cheese - null
[2020-02-28T22:09:23.891] [DEBUG] cheese - null
[2020-02-28T22:09:24.034] [DEBUG] cheese - login => username:admin,password:123456
[2020-02-28T22:09:24.034] [DEBUG] cheese - admin
[2020-02-28T22:09:24.038] [DEBUG] cheese - null
[2020-02-28T22:09:24.038] [DEBUG] cheese - null
[2020-02-28T22:09:24.228] [DEBUG] cheese - login => username:admin,password:123456
[2020-02-28T22:09:24.228] [DEBUG] cheese - admin
[2020-02-28T22:09:24.230] [DEBUG] cheese - null
[2020-02-28T22:09:24.230] [DEBUG] cheese - null
[2020-02-28T22:09:32.793] [DEBUG] cheese - login => username:admin,password:123456
[2020-02-28T22:09:32.793] [DEBUG] cheese - admin
[2020-02-28T22:09:32.796] [DEBUG] cheese - null
[2020-02-28T22:09:32.796] [DEBUG] cheese - null
[2020-02-28T22:09:35.733] [DEBUG] cheese - login => username:admin,password:123456
[2020-02-28T22:09:35.733] [DEBUG] cheese - admin
[2020-02-28T22:09:35.737] [DEBUG] cheese - null
[2020-02-28T22:09:35.737] [DEBUG] cheese - null
[2020-02-28T22:23:50.565] [DEBUG] cheese - login => username:admin,password:123456
[2020-02-28T22:23:50.565] [DEBUG] cheese - admin
[2020-02-28T22:23:50.567] [DEBUG] cheese - null
[2020-02-28T22:23:50.567] [DEBUG] cheese - null
[2020-02-28T22:24:11.004] [DEBUG] cheese - login => username:admin,password:123456
[2020-02-28T22:24:11.004] [DEBUG] cheese - admin
[2020-02-28T22:24:11.008] [DEBUG] cheese - null
[2020-02-28T22:24:11.008] [DEBUG] cheese - null
[2020-02-28T22:24:12.697] [DEBUG] cheese - login => username:admin,password:123456
[2020-02-28T22:24:12.697] [DEBUG] cheese - admin
[2020-02-28T22:24:12.699] [DEBUG] cheese - null
[2020-02-28T22:24:12.699] [DEBUG] cheese - null
[2020-02-28T22:29:32.536] [DEBUG] cheese - login => username:admin,password:123456
[2020-02-28T22:29:32.536] [DEBUG] cheese - admin
[2020-02-28T22:29:32.538] [DEBUG] cheese - null
[2020-02-28T22:29:32.539] [DEBUG] cheese - null
[2020-02-28T22:29:46.206] [DEBUG] cheese - login => username:admin,password:123456
[2020-02-28T22:29:46.206] [DEBUG] cheese - admin
[2020-02-28T22:29:46.210] [DEBUG] cheese - null
[2020-02-28T22:29:46.210] [DEBUG] cheese - null
[2020-02-28T22:30:23.549] [DEBUG] cheese - login => username:admin,password:123456
[2020-02-28T22:30:23.549] [DEBUG] cheese - admin
[2020-02-28T22:30:23.551] [DEBUG] cheese - null
[2020-02-28T22:30:23.551] [DEBUG] cheese - null
[2020-02-28T22:30:30.273] [DEBUG] cheese - login => username:admin,password:123456
[2020-02-28T22:30:30.273] [DEBUG] cheese - admin
[2020-02-28T22:30:30.277] [DEBUG] cheese - null
[2020-02-28T22:30:30.277] [DEBUG] cheese - null
[2020-02-28T22:49:47.372] [DEBUG] cheese - login => username:admin,password:123456
[2020-02-28T22:49:47.372] [DEBUG] cheese - admin
[2020-02-28T22:49:47.382] [DEBUG] cheese - null
[2020-02-28T22:49:47.382] [DEBUG] cheese - null
[2020-02-28T22:50:38.551] [DEBUG] cheese - login => username:admin,password:123456
[2020-02-28T22:50:38.551] [DEBUG] cheese - admin
[2020-02-28T22:50:38.554] [DEBUG] cheese - null
[2020-02-28T22:50:38.554] [DEBUG] cheese - null
[2020-02-28T22:51:11.763] [DEBUG] cheese - login => username:admin,password:123456
[2020-02-28T22:51:11.763] [DEBUG] cheese - admin
[2020-02-28T22:51:11.766] [DEBUG] cheese - null
[2020-02-28T22:51:11.766] [DEBUG] cheese - null
[2020-02-28T22:52:38.247] [DEBUG] cheese - login => username:admin,password:123456
[2020-02-28T22:52:38.247] [DEBUG] cheese - admin
[2020-02-28T22:52:38.249] [DEBUG] cheese - null
[2020-02-28T22:52:38.249] [DEBUG] cheese - null
[2020-02-28T22:52:41.737] [DEBUG] cheese - login => username:admin,password:123456
[2020-02-28T22:52:41.737] [DEBUG] cheese - admin
[2020-02-28T22:52:41.740] [DEBUG] cheese - null
[2020-02-28T22:52:41.741] [DEBUG] cheese - null
[2020-02-28T23:01:23.599] [DEBUG] cheese - login => username:admin,password:123456
[2020-02-28T23:01:23.599] [DEBUG] cheese - admin
[2020-02-28T23:01:23.601] [DEBUG] cheese - null
[2020-02-28T23:01:23.601] [DEBUG] cheese - null
[2020-02-28T23:02:42.452] [DEBUG] cheese - login => username:admin,password:123456
[2020-02-28T23:02:42.452] [DEBUG] cheese - admin
[2020-02-28T23:02:42.455] [DEBUG] cheese - null
[2020-02-28T23:02:42.455] [DEBUG] cheese - null
[2020-02-28T23:04:06.568] [DEBUG] cheese - login => username:admin,password:123456
[2020-02-28T23:04:06.568] [DEBUG] cheese - admin
[2020-02-28T23:04:06.571] [DEBUG] cheese - null
[2020-02-28T23:04:06.571] [DEBUG] cheese - null
[2020-02-28T23:04:41.706] [DEBUG] cheese - login => username:admin,password:123456
[2020-02-28T23:04:41.706] [DEBUG] cheese - admin
[2020-02-28T23:04:41.708] [DEBUG] cheese - null
[2020-02-28T23:04:41.709] [DEBUG] cheese - null
[2020-02-28T23:09:09.494] [DEBUG] cheese - login => username:admin,password:123456
[2020-02-28T23:09:09.495] [DEBUG] cheese - admin
[2020-02-28T23:09:09.497] [DEBUG] cheese - null
[2020-02-28T23:09:09.497] [DEBUG] cheese - null
[2020-02-28T23:15:57.898] [DEBUG] cheese - login => username:admin,password:123456
[2020-02-28T23:15:57.898] [DEBUG] cheese - admin
[2020-02-28T23:15:57.906] [DEBUG] cheese - null
[2020-02-28T23:15:57.906] [DEBUG] cheese - null
[2020-02-28T23:16:53.142] [DEBUG] cheese - login => username:admin,password:123456
[2020-02-28T23:16:53.142] [DEBUG] cheese - admin
[2020-02-28T23:16:53.144] [DEBUG] cheese - null
[2020-02-28T23:16:53.144] [DEBUG] cheese - null
[2020-02-28T23:17:16.127] [DEBUG] cheese - login => username:admin,password:123456
[2020-02-28T23:17:16.127] [DEBUG] cheese - admin
[2020-02-28T23:17:16.129] [DEBUG] cheese - null
[2020-02-28T23:17:16.129] [DEBUG] cheese - null
[2020-02-28T23:21:04.915] [DEBUG] cheese - login => username:admin,password:123456
[2020-02-28T23:21:04.915] [DEBUG] cheese - admin
[2020-02-28T23:21:04.917] [DEBUG] cheese - null
[2020-02-28T23:21:04.917] [DEBUG] cheese - null
[2020-02-29T10:12:33.123] [DEBUG] cheese - login => username:admin,password:123456
[2020-02-29T10:12:33.125] [DEBUG] cheese - admin
[2020-02-29T10:12:33.144] [DEBUG] cheese - null
[2020-02-29T10:12:33.145] [DEBUG] cheese - null
[2020-02-29T10:12:48.918] [DEBUG] cheese - login => username:admin,password:123456
[2020-02-29T10:12:48.918] [DEBUG] cheese - admin
[2020-02-29T10:12:48.921] [DEBUG] cheese - null
[2020-02-29T10:12:48.922] [DEBUG] cheese - null
[2020-02-29T10:23:55.500] [DEBUG] cheese - login => username:admin,password:123456
[2020-02-29T10:23:55.500] [DEBUG] cheese - admin
[2020-02-29T10:23:55.504] [DEBUG] cheese - null
[2020-02-29T10:23:55.504] [DEBUG] cheese - null
[2020-02-29T10:25:07.120] [DEBUG] cheese - login => username:admin,password:123456
[2020-02-29T10:25:07.120] [DEBUG] cheese - admin
[2020-02-29T10:25:07.123] [DEBUG] cheese - null
[2020-02-29T10:25:07.123] [DEBUG] cheese - null
[2020-02-29T10:25:17.515] [DEBUG] cheese - login => username:admin,password:123456
[2020-02-29T10:25:17.515] [DEBUG] cheese - admin
[2020-02-29T10:25:17.518] [DEBUG] cheese - null
[2020-02-29T10:25:17.518] [DEBUG] cheese - null
[2020-02-29T10:45:31.570] [DEBUG] cheese - login => username:admin,password:123456
[2020-02-29T10:45:31.570] [DEBUG] cheese - admin
[2020-02-29T10:45:31.573] [DEBUG] cheese - null
[2020-02-29T10:45:31.573] [DEBUG] cheese - null
[2020-02-29T10:49:13.257] [DEBUG] cheese - login => username:admin,password:123456
[2020-02-29T10:49:13.257] [DEBUG] cheese - admin
[2020-02-29T10:49:13.260] [DEBUG] cheese - null
[2020-02-29T10:49:13.260] [DEBUG] cheese - null
[2020-02-29T12:23:54.726] [DEBUG] cheese - login => username:admin,password:123456
[2020-02-29T12:23:54.740] [DEBUG] cheese - admin
[2020-02-29T12:23:54.803] [DEBUG] cheese - null
[2020-02-29T12:23:54.804] [DEBUG] cheese - null
[2020-02-29T12:26:46.121] [DEBUG] cheese - login => username:admin,password:123456
[2020-02-29T12:26:46.121] [DEBUG] cheese - admin
[2020-02-29T12:26:46.165] [DEBUG] cheese - null
[2020-02-29T12:26:46.165] [DEBUG] cheese - null
[2020-02-29T12:34:15.243] [DEBUG] cheese - login => username:admin,password:123456
[2020-02-29T12:34:15.244] [DEBUG] cheese - admin
[2020-02-29T12:34:15.248] [DEBUG] cheese - null
[2020-02-29T12:34:15.249] [DEBUG] cheese - null
[2020-02-29T12:34:15.988] [DEBUG] cheese - login => username:admin,password:123456
[2020-02-29T12:34:15.988] [DEBUG] cheese - admin
[2020-02-29T12:34:15.990] [DEBUG] cheese - null
[2020-02-29T12:34:15.990] [DEBUG] cheese - null
[2020-02-29T12:34:16.682] [DEBUG] cheese - login => username:admin,password:123456
[2020-02-29T12:34:16.682] [DEBUG] cheese - admin
[2020-02-29T12:34:16.723] [DEBUG] cheese - null
[2020-02-29T12:34:16.723] [DEBUG] cheese - null
[2020-02-29T12:35:16.611] [DEBUG] cheese - login => username:admin,password:123456
[2020-02-29T12:35:16.612] [DEBUG] cheese - admin
[2020-02-29T12:35:16.615] [DEBUG] cheese - null
[2020-02-29T12:35:16.615] [DEBUG] cheese - null
[2020-02-29T12:35:17.584] [DEBUG] cheese - login => username:admin,password:123456
[2020-02-29T12:35:17.584] [DEBUG] cheese - admin
[2020-02-29T12:35:17.586] [DEBUG] cheese - null
[2020-02-29T12:35:17.587] [DEBUG] cheese - null
[2020-02-29T12:58:43.794] [DEBUG] cheese - login => username:admin,password:123456
[2020-02-29T12:58:43.794] [DEBUG] cheese - admin
[2020-02-29T12:58:43.805] [DEBUG] cheese - null
[2020-02-29T12:58:43.805] [DEBUG] cheese - null
[2020-02-29T13:04:22.345] [DEBUG] cheese - login => username:admin,password:123456
[2020-02-29T13:04:22.346] [DEBUG] cheese - admin
[2020-02-29T13:04:22.350] [DEBUG] cheese - null
[2020-02-29T13:04:22.350] [DEBUG] cheese - null
[2020-02-29T16:49:38.889] [DEBUG] cheese - login => username:admin,password:123456
[2020-02-29T16:49:38.890] [DEBUG] cheese - admin
[2020-02-29T16:49:38.907] [DEBUG] cheese - null
[2020-02-29T16:49:38.908] [DEBUG] cheese - null
[2020-02-29T17:49:03.475] [DEBUG] cheese - login => username:admin,password:123456
[2020-02-29T17:49:03.475] [DEBUG] cheese - admin
[2020-02-29T17:49:03.486] [DEBUG] cheese - null
[2020-02-29T17:49:03.486] [DEBUG] cheese - null
[2020-02-29T18:17:37.748] [DEBUG] cheese - login => username:admin,password:123456
[2020-02-29T18:17:37.748] [DEBUG] cheese - admin
[2020-02-29T18:17:37.752] [DEBUG] cheese - null
[2020-02-29T18:17:37.752] [DEBUG] cheese - null
[2020-02-29T18:27:43.098] [DEBUG] cheese - login => username:admin,password:123456
[2020-02-29T18:27:43.098] [DEBUG] cheese - admin
[2020-02-29T18:27:43.101] [DEBUG] cheese - null
[2020-02-29T18:27:43.101] [DEBUG] cheese - null
[2020-02-29T18:31:51.676] [DEBUG] cheese - login => username:admin,password:123456
[2020-02-29T18:31:51.676] [DEBUG] cheese - admin
[2020-02-29T18:31:51.679] [DEBUG] cheese - null
[2020-02-29T18:31:51.679] [DEBUG] cheese - null
[2020-02-29T18:42:52.009] [DEBUG] cheese - login => username:admin,password:123456
[2020-02-29T18:42:52.009] [DEBUG] cheese - admin
[2020-02-29T18:42:52.012] [DEBUG] cheese - null
[2020-02-29T18:42:52.012] [DEBUG] cheese - null
[2020-02-29T18:54:53.917] [DEBUG] cheese - login => username:admin,password:123456
[2020-02-29T18:54:53.918] [DEBUG] cheese - admin
[2020-02-29T18:54:53.920] [DEBUG] cheese - null
[2020-02-29T18:54:53.920] [DEBUG] cheese - null
[2020-02-29T20:18:55.012] [DEBUG] cheese - login => username:admin,password:123456
[2020-02-29T20:18:55.044] [DEBUG] cheese - admin
[2020-02-29T20:18:55.049] [DEBUG] cheese - null
[2020-02-29T20:18:55.050] [DEBUG] cheese - null
[2020-02-29T21:00:00.210] [DEBUG] cheese - login => username:admin,password:123456
[2020-02-29T21:00:00.211] [DEBUG] cheese - admin
[2020-02-29T21:00:00.214] [DEBUG] cheese - null
[2020-02-29T21:00:00.214] [DEBUG] cheese - null
[2020-02-29T21:57:02.922] [DEBUG] cheese - login => username:admin,password:123456
[2020-02-29T21:57:02.923] [DEBUG] cheese - admin
[2020-02-29T21:57:02.937] [DEBUG] cheese - null
[2020-02-29T21:57:02.937] [DEBUG] cheese - null
[2020-02-29T22:06:31.709] [DEBUG] cheese - login => username:admin,password:123456
[2020-02-29T22:06:31.709] [DEBUG] cheese - admin
[2020-02-29T22:06:31.715] [DEBUG] cheese - null
[2020-02-29T22:06:31.715] [DEBUG] cheese - null
[2020-02-29T22:50:14.239] [DEBUG] cheese - login => username:admin,password:123456
[2020-02-29T22:50:14.239] [DEBUG] cheese - admin
[2020-02-29T22:50:14.241] [DEBUG] cheese - null
[2020-02-29T22:50:14.241] [DEBUG] cheese - null
[2020-02-29T22:50:36.203] [DEBUG] cheese - login => username:admin,password:123456
[2020-02-29T22:50:36.204] [DEBUG] cheese - admin
[2020-02-29T22:50:36.207] [DEBUG] cheese - null
[2020-02-29T22:50:36.207] [DEBUG] cheese - null
[2020-02-29T22:51:14.003] [DEBUG] cheese - login => username:admin,password:123456
[2020-02-29T22:51:14.003] [DEBUG] cheese - admin
[2020-02-29T22:51:14.005] [DEBUG] cheese - null
[2020-02-29T22:51:14.005] [DEBUG] cheese - null
[2020-02-29T22:51:31.064] [DEBUG] cheese - login => username:admin,password:123456
[2020-02-29T22:51:31.064] [DEBUG] cheese - admin
[2020-02-29T22:51:31.066] [DEBUG] cheese - null
[2020-02-29T22:51:31.066] [DEBUG] cheese - null
[2020-02-29T23:01:42.689] [DEBUG] cheese - login => username:admin,password:123456
[2020-02-29T23:01:42.689] [DEBUG] cheese - admin
[2020-02-29T23:01:42.695] [DEBUG] cheese - null
[2020-02-29T23:01:42.696] [DEBUG] cheese - null
[2020-02-29T23:05:18.163] [DEBUG] cheese - login => username:admin,password:123456
[2020-02-29T23:05:18.163] [DEBUG] cheese - admin
[2020-02-29T23:05:18.166] [DEBUG] cheese - null
[2020-02-29T23:05:18.166] [DEBUG] cheese - null
[2020-02-29T23:07:42.995] [DEBUG] cheese - login => username:admin,password:123456
[2020-02-29T23:07:42.995] [DEBUG] cheese - admin
[2020-02-29T23:07:42.999] [DEBUG] cheese - null
[2020-02-29T23:07:42.999] [DEBUG] cheese - null
[2020-02-29T23:17:08.421] [DEBUG] cheese - login => username:admin,password:123456
[2020-02-29T23:17:08.421] [DEBUG] cheese - admin
[2020-02-29T23:17:08.423] [DEBUG] cheese - null
[2020-02-29T23:17:08.423] [DEBUG] cheese - null
[2020-03-01T11:18:44.980] [DEBUG] cheese - login => username:zs,password:123456
[2020-03-01T11:18:44.981] [DEBUG] cheese - zs
[2020-03-01T11:18:45.001] [DEBUG] cheese - null
[2020-03-01T11:18:45.002] [DEBUG] cheese - null
[2020-03-01T11:18:57.952] [DEBUG] cheese - login => username:admin,password:123456
[2020-03-01T11:18:57.952] [DEBUG] cheese - admin
[2020-03-01T11:18:57.958] [DEBUG] cheese - null
[2020-03-01T11:18:57.958] [DEBUG] cheese - null
[2020-03-01T11:19:59.546] [DEBUG] cheese - login => username:admin,password:123456
[2020-03-01T11:19:59.548] [DEBUG] cheese - admin
[2020-03-01T11:19:59.560] [DEBUG] cheese - null
[2020-03-01T11:19:59.560] [DEBUG] cheese - null
[2020-03-01T12:06:58.074] [DEBUG] cheese - login => username:admin,password:123456
[2020-03-01T12:06:58.075] [DEBUG] cheese - admin
[2020-03-01T12:06:58.151] [DEBUG] cheese - null
[2020-03-01T12:06:58.151] [DEBUG] cheese - null
[2020-03-01T12:08:30.592] [DEBUG] cheese - login => username:admin,password:123456
[2020-03-01T12:08:30.592] [DEBUG] cheese - admin
[2020-03-01T12:08:30.594] [DEBUG] cheese - null
[2020-03-01T12:08:30.594] [DEBUG] cheese - null
[2020-03-01T12:22:02.794] [DEBUG] cheese - login => username:admin,password:123456
[2020-03-01T12:22:02.794] [DEBUG] cheese - admin
[2020-03-01T12:22:02.797] [DEBUG] cheese - null
[2020-03-01T12:22:02.797] [DEBUG] cheese - null
[2020-03-01T12:22:13.039] [DEBUG] cheese - login => username:admin,password:123456
[2020-03-01T12:22:13.040] [DEBUG] cheese - admin
[2020-03-01T12:22:13.042] [DEBUG] cheese - null
[2020-03-01T12:22:13.042] [DEBUG] cheese - null
[2020-03-01T12:24:54.035] [DEBUG] cheese - login => username:admin,password:123456
[2020-03-01T12:24:54.035] [DEBUG] cheese - admin
[2020-03-01T12:24:54.038] [DEBUG] cheese - null
[2020-03-01T12:24:54.038] [DEBUG] cheese - null
[2020-03-01T12:24:57.771] [DEBUG] cheese - login => username:admin,password:123456
[2020-03-01T12:24:57.771] [DEBUG] cheese - admin
[2020-03-01T12:24:57.774] [DEBUG] cheese - null
[2020-03-01T12:24:57.775] [DEBUG] cheese - null
[2020-03-01T12:25:01.092] [DEBUG] cheese - login => username:admin,password:123456
[2020-03-01T12:25:01.092] [DEBUG] cheese - admin
[2020-03-01T12:25:01.095] [DEBUG] cheese - null
[2020-03-01T12:25:01.095] [DEBUG] cheese - null
[2020-03-01T12:25:05.771] [DEBUG] cheese - login => username:admin,password:123456
[2020-03-01T12:25:05.771] [DEBUG] cheese - admin
[2020-03-01T12:25:05.775] [DEBUG] cheese - null
[2020-03-01T12:25:05.775] [DEBUG] cheese - null
[2020-03-01T12:30:09.562] [DEBUG] cheese - login => username:admin,password:123456
[2020-03-01T12:30:09.562] [DEBUG] cheese - admin
[2020-03-01T12:30:09.564] [DEBUG] cheese - null
[2020-03-01T12:30:09.564] [DEBUG] cheese - null
[2020-03-01T12:42:12.632] [DEBUG] cheese - login => username:admin,password:123456
[2020-03-01T12:42:12.632] [DEBUG] cheese - admin
[2020-03-01T12:42:12.634] [DEBUG] cheese - null
[2020-03-01T12:42:12.634] [DEBUG] cheese - null
[2020-03-01T12:52:30.094] [DEBUG] cheese - login => username:admin,password:123456
[2020-03-01T12:52:30.094] [DEBUG] cheese - admin
[2020-03-01T12:52:30.097] [DEBUG] cheese - null
[2020-03-01T12:52:30.097] [DEBUG] cheese - null
[2020-03-01T17:05:23.658] [DEBUG] cheese - login => username:admin,password:123456
[2020-03-01T17:05:23.658] [DEBUG] cheese - admin
[2020-03-01T17:05:23.707] [DEBUG] cheese - null
[2020-03-01T17:05:23.707] [DEBUG] cheese - null
[2020-03-01T17:08:08.075] [DEBUG] cheese - login => username:admin,password:123456
[2020-03-01T17:08:08.075] [DEBUG] cheese - admin
[2020-03-01T17:08:08.078] [DEBUG] cheese - null
[2020-03-01T17:08:08.078] [DEBUG] cheese - null
[2020-03-01T17:11:40.447] [DEBUG] cheese - login => username:admin,password:123456
[2020-03-01T17:11:40.447] [DEBUG] cheese - admin
[2020-03-01T17:11:40.449] [DEBUG] cheese - null
[2020-03-01T17:11:40.449] [DEBUG] cheese - null
[2020-03-01T17:28:39.788] [DEBUG] cheese - login => username:admin,password:123456
[2020-03-01T17:28:39.788] [DEBUG] cheese - admin
[2020-03-01T17:28:39.830] [DEBUG] cheese - null
[2020-03-01T17:28:39.830] [DEBUG] cheese - null
[2020-03-01T17:28:46.709] [DEBUG] cheese - login => username:admin,password:123456
[2020-03-01T17:28:46.709] [DEBUG] cheese - admin
[2020-03-01T17:28:46.712] [DEBUG] cheese - null
[2020-03-01T17:28:46.712] [DEBUG] cheese - null
[2020-03-01T18:49:00.385] [DEBUG] cheese - login => username:admin,password:123456
[2020-03-01T18:49:00.386] [DEBUG] cheese - admin
[2020-03-01T18:49:00.389] [DEBUG] cheese - null
[2020-03-01T18:49:00.389] [DEBUG] cheese - null
[2020-03-01T19:09:33.709] [DEBUG] cheese - login => username:admin,password:123456
[2020-03-01T19:09:33.709] [DEBUG] cheese - admin
[2020-03-01T19:09:33.712] [DEBUG] cheese - null
[2020-03-01T19:09:33.712] [DEBUG] cheese - null
[2020-03-01T19:17:55.188] [DEBUG] cheese - login => username:admin,password:123456
[2020-03-01T19:17:55.189] [DEBUG] cheese - admin
[2020-03-01T19:17:55.193] [DEBUG] cheese - null
[2020-03-01T19:17:55.193] [DEBUG] cheese - null
[2020-03-01T21:04:49.179] [DEBUG] cheese - login => username:admin,password:123456
[2020-03-01T21:04:49.179] [DEBUG] cheese - admin
[2020-03-01T21:04:49.182] [DEBUG] cheese - null
[2020-03-01T21:04:49.182] [DEBUG] cheese - null
[2020-03-02T10:02:53.190] [DEBUG] cheese - login => username:admin,password:123456
[2020-03-02T10:02:53.191] [DEBUG] cheese - admin
[2020-03-02T10:02:53.240] [DEBUG] cheese - null
[2020-03-02T10:02:53.240] [DEBUG] cheese - null
[2020-03-02T10:02:59.757] [DEBUG] cheese - login => username:admin,password:123456
[2020-03-02T10:02:59.757] [DEBUG] cheese - admin
[2020-03-02T10:02:59.761] [DEBUG] cheese - null
[2020-03-02T10:02:59.761] [DEBUG] cheese - null
[2020-03-02T19:35:27.762] [DEBUG] cheese - login => username:123,password:123456
[2020-03-02T19:35:27.764] [DEBUG] cheese - 123
[2020-03-02T19:35:27.769] [DEBUG] cheese - null
[2020-03-02T19:35:27.769] [DEBUG] cheese - null
[2020-03-02T19:35:32.002] [DEBUG] cheese - login => username:admin,password:123456
[2020-03-02T19:35:32.002] [DEBUG] cheese - admin
[2020-03-02T19:35:32.005] [DEBUG] cheese - null
[2020-03-02T19:35:32.005] [DEBUG] cheese - null
[2020-03-02T20:05:51.356] [DEBUG] cheese - login => username:admin,password:123456
[2020-03-02T20:05:51.356] [DEBUG] cheese - admin
[2020-03-02T20:05:51.364] [DEBUG] cheese - null
[2020-03-02T20:05:51.364] [DEBUG] cheese - null
[2020-03-02T22:42:27.099] [DEBUG] cheese - null
[2020-03-02T23:28:23.136] [DEBUG] cheese - null
[2020-11-02T16:05:34.505] [DEBUG] cheese - login => username:admin,password:123456
[2020-11-02T16:05:34.514] [DEBUG] cheese - admin
[2020-11-02T16:05:34.540] [DEBUG] cheese - { inspect: [Function: inspect] }
[2020-11-02T16:05:34.541] [DEBUG] cheese - 查询失败
[2020-11-02T16:05:43.253] [DEBUG] cheese - login => username:zs,password:123456
[2020-11-02T16:05:43.253] [DEBUG] cheese - zs
[2020-11-02T16:05:43.256] [DEBUG] cheese - { inspect: [Function: inspect] }
[2020-11-02T16:05:43.256] [DEBUG] cheese - 查询失败
[2020-11-02T16:06:47.019] [DEBUG] cheese - login => username:admin,password:123456
[2020-11-02T16:06:47.019] [DEBUG] cheese - admin
[2020-11-02T16:06:47.021] [DEBUG] cheese - { inspect: [Function: inspect] }
[2020-11-02T16:06:47.021] [DEBUG] cheese - 查询失败
[2020-11-02T16:06:54.242] [DEBUG] cheese - login => username:admin,password:123456
[2020-11-02T16:06:54.242] [DEBUG] cheese - admin
[2020-11-02T16:06:54.244] [DEBUG] cheese - { inspect: [Function: inspect] }
[2020-11-02T16:06:54.244] [DEBUG] cheese - 查询失败
[2020-11-02T16:09:02.664] [DEBUG] cheese - login => username:admin,password:123456
[2020-11-02T16:09:02.664] [DEBUG] cheese - admin
[2020-11-02T16:09:02.666] [DEBUG] cheese - { inspect: [Function: inspect] }
[2020-11-02T16:09:02.666] [DEBUG] cheese - 查询失败
[2020-11-02T16:24:09.058] [DEBUG] cheese - login => username:tiger1200,password:123456
[2020-11-02T16:24:09.058] [DEBUG] cheese - tiger1200
[2020-11-02T16:24:09.065] [DEBUG] cheese - { inspect: [Function: inspect] }
[2020-11-02T16:24:09.066] [DEBUG] cheese - 查询失败
[2020-11-02T16:24:15.066] [DEBUG] cheese - login => username:tiger,password:123456
[2020-11-02T16:24:15.066] [DEBUG] cheese - tiger
[2020-11-02T16:24:15.068] [DEBUG] cheese - { inspect: [Function: inspect] }
[2020-11-02T16:24:15.068] [DEBUG] cheese - 查询失败
[2020-11-02T16:24:19.823] [DEBUG] cheese - login => username:admin,password:123456
[2020-11-02T16:24:19.823] [DEBUG] cheese - admin
[2020-11-02T16:24:19.825] [DEBUG] cheese - { inspect: [Function: inspect] }
[2020-11-02T16:24:19.825] [DEBUG] cheese - 查询失败
[2020-11-02T16:32:18.434] [DEBUG] cheese - login => username:admin,password:123456
[2020-11-02T16:32:18.434] [DEBUG] cheese - admin
[2020-11-02T16:32:18.436] [DEBUG] cheese - { inspect: [Function: inspect] }
[2020-11-02T16:32:18.436] [DEBUG] cheese - 查询失败
[2020-11-02T16:32:41.029] [DEBUG] cheese - login => username:__test_manager,password:123456
[2020-11-02T16:32:41.029] [DEBUG] cheese - __test_manager
[2020-11-02T16:32:41.031] [DEBUG] cheese - { inspect: [Function: inspect] }
[2020-11-02T16:32:41.032] [DEBUG] cheese - 查询失败
[2020-11-02T16:32:45.264] [DEBUG] cheese - login => username:admin,password:123456
[2020-11-02T16:32:45.264] [DEBUG] cheese - admin
[2020-11-02T16:32:45.265] [DEBUG] cheese - { inspect: [Function: inspect] }
[2020-11-02T16:32:45.266] [DEBUG] cheese - 查询失败
[2020-11-02T17:45:15.591] [DEBUG] cheese - login => username:admin,password:12345678
[2020-11-02T17:45:15.594] [DEBUG] cheese - admin
[2020-11-02T17:45:15.604] [DEBUG] cheese - { inspect: [Function: inspect] }
[2020-11-02T17:45:15.606] [DEBUG] cheese - 查询失败
[2020-11-02T17:57:31.677] [DEBUG] cheese - login => username:admin,password:123456
[2020-11-02T17:57:31.677] [DEBUG] cheese - admin
[2020-11-02T17:57:31.682] [DEBUG] cheese - null
[2020-11-02T17:57:31.682] [DEBUG] cheese - null
[2020-11-02T18:03:40.933] [DEBUG] cheese - login => username:admin,password:123456
[2020-11-02T18:03:40.934] [DEBUG] cheese - admin
[2020-11-02T18:03:40.941] [DEBUG] cheese - null
[2020-11-02T18:03:40.941] [DEBUG] cheese - null
[2020-11-02T18:04:19.643] [DEBUG] cheese - login => username:admin,password:12345678
[2020-11-02T18:04:19.643] [DEBUG] cheese - admin
[2020-11-02T18:04:19.644] [DEBUG] cheese - null
[2020-11-02T18:04:19.645] [DEBUG] cheese - null
[2020-11-02T18:04:23.702] [DEBUG] cheese - login => username:admin,password:123456
[2020-11-02T18:04:23.702] [DEBUG] cheese - admin
[2020-11-02T18:04:23.704] [DEBUG] cheese - null
[2020-11-02T18:04:23.704] [DEBUG] cheese - null
[2020-11-03T12:32:41.207] [DEBUG] cheese - login => username:admin,password:123456
[2020-11-03T12:32:41.219] [DEBUG] cheese - admin
[2020-11-03T12:32:41.267] [DEBUG] cheese - null
[2020-11-03T12:32:41.268] [DEBUG] cheese - null
[2020-11-03T12:36:19.877] [DEBUG] cheese - login => username:admin,password:123456
[2020-11-03T12:36:19.878] [DEBUG] cheese - admin
[2020-11-03T12:36:19.880] [DEBUG] cheese - null
[2020-11-03T12:36:19.880] [DEBUG] cheese - null
[2020-11-03T15:43:14.284] [DEBUG] cheese - login => username:admin,password:123456
[2020-11-03T15:43:14.286] [DEBUG] cheese - admin
[2020-11-03T15:43:14.294] [DEBUG] cheese - null
[2020-11-03T15:43:14.294] [DEBUG] cheese - null
[2020-11-03T15:43:59.629] [DEBUG] cheese - login => username:admin,password:123456
[2020-11-03T15:43:59.629] [DEBUG] cheese - admin
[2020-11-03T15:43:59.632] [DEBUG] cheese - null
[2020-11-03T15:43:59.632] [DEBUG] cheese - null
[2020-11-03T15:46:12.168] [DEBUG] cheese - login => username:admin,password:123456
[2020-11-03T15:46:12.168] [DEBUG] cheese - admin
[2020-11-03T15:46:12.170] [DEBUG] cheese - null
[2020-11-03T15:46:12.170] [DEBUG] cheese - null
[2020-11-03T15:46:53.609] [DEBUG] cheese - login => username:admin,password:123456
[2020-11-03T15:46:53.609] [DEBUG] cheese - admin
[2020-11-03T15:46:53.611] [DEBUG] cheese - null
[2020-11-03T15:46:53.611] [DEBUG] cheese - null
[2020-11-03T15:48:02.088] [DEBUG] cheese - login => username:admin,password:123456
[2020-11-03T15:48:02.088] [DEBUG] cheese - admin
[2020-11-03T15:48:02.090] [DEBUG] cheese - null
[2020-11-03T15:48:02.090] [DEBUG] cheese - null
[2020-11-03T15:48:36.152] [DEBUG] cheese - login => username:admin,password:123456
[2020-11-03T15:48:36.153] [DEBUG] cheese - admin
[2020-11-03T15:48:36.154] [DEBUG] cheese - null
[2020-11-03T15:48:36.154] [DEBUG] cheese - null
[2020-11-03T15:49:44.798] [DEBUG] cheese - login => username:admin,password:123456
[2020-11-03T15:49:44.798] [DEBUG] cheese - admin
[2020-11-03T15:49:44.800] [DEBUG] cheese - null
[2020-11-03T15:49:44.800] [DEBUG] cheese - null
[2020-11-03T15:57:00.242] [DEBUG] cheese - login => username:admin,password:123456
[2020-11-03T15:57:00.242] [DEBUG] cheese - admin
[2020-11-03T15:57:00.245] [DEBUG] cheese - null
[2020-11-03T15:57:00.245] [DEBUG] cheese - null
[2020-11-03T16:08:53.637] [DEBUG] cheese - login => username:admin,password:123456
[2020-11-03T16:08:53.637] [DEBUG] cheese - admin
[2020-11-03T16:08:53.638] [DEBUG] cheese - null
[2020-11-03T16:08:53.639] [DEBUG] cheese - null
[2020-11-03T16:09:53.731] [DEBUG] cheese - login => username:admin,password:123456
[2020-11-03T16:09:53.731] [DEBUG] cheese - admin
[2020-11-03T16:09:53.733] [DEBUG] cheese - null
[2020-11-03T16:09:53.733] [DEBUG] cheese - null
[2020-11-03T16:33:56.178] [DEBUG] cheese - login => username:admin,password:123456
[2020-11-03T16:33:56.179] [DEBUG] cheese - admin
[2020-11-03T16:33:56.183] [DEBUG] cheese - null
[2020-11-03T16:33:56.183] [DEBUG] cheese - null
[2020-11-03T17:37:52.294] [DEBUG] cheese - login => username:admin,password:123456
[2020-11-03T17:37:52.295] [DEBUG] cheese - admin
[2020-11-03T17:37:52.302] [DEBUG] cheese - null
[2020-11-03T17:37:52.302] [DEBUG] cheese - null
[2020-11-03T18:01:15.771] [DEBUG] cheese - login => username:admin,password:123456
[2020-11-03T18:01:15.772] [DEBUG] cheese - admin
[2020-11-03T18:01:15.780] [DEBUG] cheese - null
[2020-11-03T18:01:15.780] [DEBUG] cheese - null
[2020-11-04T10:02:36.378] [DEBUG] cheese - login => username:admin,password:123456
[2020-11-04T10:02:36.380] [DEBUG] cheese - admin
[2020-11-04T10:02:36.446] [DEBUG] cheese - null
[2020-11-04T10:02:36.447] [DEBUG] cheese - null
[2020-11-04T11:02:19.535] [DEBUG] cheese - login => username:admin,password:123456
[2020-11-04T11:02:19.535] [DEBUG] cheese - admin
[2020-11-04T11:02:19.539] [DEBUG] cheese - null
[2020-11-04T11:02:19.540] [DEBUG] cheese - null
[2020-11-05T10:51:18.960] [DEBUG] cheese - login => username:admin,password:123456
[2020-11-05T10:51:18.962] [DEBUG] cheese - admin
[2020-11-05T10:51:18.970] [DEBUG] cheese - null
[2020-11-05T10:51:18.971] [DEBUG] cheese - null
[2020-11-06T10:54:45.401] [DEBUG] cheese - login => username:admin,password:123456
[2020-11-06T10:54:45.404] [DEBUG] cheese - admin
[2020-11-06T10:54:45.414] [DEBUG] cheese - null
[2020-11-06T10:54:45.415] [DEBUG] cheese - null
[2020-11-09T10:35:59.034] [DEBUG] cheese - login => username:admin,password:123456
[2020-11-09T10:35:59.037] [DEBUG] cheese - admin
[2020-11-09T10:35:59.118] [DEBUG] cheese - null
[2020-11-09T10:35:59.118] [DEBUG] cheese - null
[2020-11-09T15:34:10.348] [DEBUG] cheese - login => username:admin,password:123456
[2020-11-09T15:34:10.350] [DEBUG] cheese - admin
[2020-11-09T15:34:10.357] [DEBUG] cheese - null
[2020-11-09T15:34:10.357] [DEBUG] cheese - null
[2020-11-09T18:04:18.888] [DEBUG] cheese - null
[2020-11-09T18:04:26.996] [DEBUG] cheese - null
[2020-11-09T18:07:08.728] [DEBUG] cheese - null
[2020-11-09T18:10:19.983] [DEBUG] cheese - null
[2020-11-09T18:10:42.311] [DEBUG] cheese - null
[2020-11-10T15:34:46.114] [DEBUG] cheese - login => username:admin,password:123456
[2020-11-10T15:34:46.121] [DEBUG] cheese - admin
[2020-11-10T15:34:46.128] [DEBUG] cheese - null
[2020-11-10T15:34:46.129] [DEBUG] cheese - null
[2020-11-12T10:28:23.370] [DEBUG] cheese - login => username:admin,password:123456
[2020-11-12T10:28:23.372] [DEBUG] cheese - admin
[2020-11-12T10:28:23.450] [DEBUG] cheese - null
[2020-11-12T10:28:23.450] [DEBUG] cheese - null
[2020-11-12T17:03:02.131] [DEBUG] cheese - login => username:admin,password:123456
[2020-11-12T17:03:02.133] [DEBUG] cheese - admin
[2020-11-12T17:03:02.137] [DEBUG] cheese - null
[2020-11-12T17:03:02.138] [DEBUG] cheese - null
[2020-11-14T19:25:58.809] [DEBUG] cheese - login => username:admin,password:123456
[2020-11-14T19:25:58.811] [DEBUG] cheese - admin
[2020-11-14T19:25:58.913] [DEBUG] cheese - null
[2020-11-14T19:25:58.914] [DEBUG] cheese - null
[2020-11-16T10:35:25.735] [DEBUG] cheese - login => username:admin,password:123456
[2020-11-16T10:35:25.745] [DEBUG] cheese - admin
[2020-11-16T10:35:25.848] [DEBUG] cheese - null
[2020-11-16T10:35:25.849] [DEBUG] cheese - null
[2020-11-16T16:00:28.624] [DEBUG] cheese - login => username:admin,password:123456
[2020-11-16T16:00:28.625] [DEBUG] cheese - admin
[2020-11-16T16:00:28.630] [DEBUG] cheese - null
[2020-11-16T16:00:28.631] [DEBUG] cheese - null
[2020-11-17T14:48:07.820] [DEBUG] cheese - login => username:admin,password:123456
[2020-11-17T14:48:07.822] [DEBUG] cheese - admin
[2020-11-17T14:48:07.882] [DEBUG] cheese - null
[2020-11-17T14:48:07.882] [DEBUG] cheese - null
[2020-11-18T16:01:24.566] [DEBUG] cheese - login => username:admin,password:123456
[2020-11-18T16:01:24.568] [DEBUG] cheese - admin
[2020-11-18T16:01:24.585] [DEBUG] cheese - null
[2020-11-18T16:01:24.585] [DEBUG] cheese - null
[2020-11-18T16:04:25.061] [DEBUG] cheese - login => username:admin,password:123456
[2020-11-18T16:04:25.063] [DEBUG] cheese - admin
[2020-11-18T16:04:25.065] [DEBUG] cheese - null
[2020-11-18T16:04:25.066] [DEBUG] cheese - null
[2020-11-19T10:31:10.283] [DEBUG] cheese - login => username:admin,password:123456
[2020-11-19T10:31:10.286] [DEBUG] cheese - admin
[2020-11-19T10:31:10.292] [DEBUG] cheese - null
[2020-11-19T10:31:10.293] [DEBUG] cheese - null
[2020-11-19T10:52:02.952] [DEBUG] cheese - login => username:admin,password:123456
[2020-11-19T10:52:02.954] [DEBUG] cheese - admin
[2020-11-19T10:52:02.959] [DEBUG] cheese - null
[2020-11-19T10:52:02.959] [DEBUG] cheese - null
[2020-11-19T16:05:21.736] [DEBUG] cheese - login => username:admin,password:123456
[2020-11-19T16:05:21.738] [DEBUG] cheese - admin
[2020-11-19T16:05:21.742] [DEBUG] cheese - null
[2020-11-19T16:05:21.742] [DEBUG] cheese - null
[2020-11-20T15:53:33.593] [DEBUG] cheese - login => username:admin,password:123456
[2020-11-20T15:53:33.595] [DEBUG] cheese - admin
[2020-11-20T15:53:33.647] [DEBUG] cheese - null
[2020-11-20T15:53:33.648] [DEBUG] cheese - null
[2020-11-21T14:06:23.593] [DEBUG] cheese - login => username:admin,password:123456
[2020-11-21T14:06:23.595] [DEBUG] cheese - admin
[2020-11-21T14:06:23.605] [DEBUG] cheese - null
[2020-11-21T14:06:23.605] [DEBUG] cheese - null
[2020-11-21T14:29:44.219] [DEBUG] cheese - login => username:admin,password:123456
[2020-11-21T14:29:44.220] [DEBUG] cheese - admin
[2020-11-21T14:29:44.223] [DEBUG] cheese - null
[2020-11-21T14:29:44.224] [DEBUG] cheese - null
[2020-11-21T15:33:51.762] [DEBUG] cheese - login => username:admin,password:123456
[2020-11-21T15:33:51.763] [DEBUG] cheese - admin
[2020-11-21T15:33:51.766] [DEBUG] cheese - null
[2020-11-21T15:33:51.766] [DEBUG] cheese - null
[2020-11-23T11:03:25.938] [DEBUG] cheese - login => username:admin,password:123456
[2020-11-23T11:03:25.940] [DEBUG] cheese - admin
[2020-11-23T11:03:25.985] [DEBUG] cheese - null
[2020-11-23T11:03:25.986] [DEBUG] cheese - null
[2020-11-23T11:07:58.290] [DEBUG] cheese - login => username:admin,password:123456
[2020-11-23T11:07:58.290] [DEBUG] cheese - admin
[2020-11-23T11:07:58.292] [DEBUG] cheese - null
[2020-11-23T11:07:58.293] [DEBUG] cheese - null
[2020-11-24T15:31:19.282] [DEBUG] cheese - login => username:admin,password:123456
[2020-11-24T15:31:19.286] [DEBUG] cheese - admin
[2020-11-24T15:31:19.353] [DEBUG] cheese - null
[2020-11-24T15:31:19.354] [DEBUG] cheese - null
[2020-11-25T10:54:40.370] [DEBUG] cheese - login => username:admin,password:123456
[2020-11-25T10:54:40.371] [DEBUG] cheese - admin
[2020-11-25T10:54:40.436] [DEBUG] cheese - null
[2020-11-25T10:54:40.436] [DEBUG] cheese - null
[2020-11-26T11:06:35.735] [DEBUG] cheese - login => username:admin,password:123456
[2020-11-26T11:06:35.737] [DEBUG] cheese - admin
[2020-11-26T11:06:35.796] [DEBUG] cheese - null
[2020-11-26T11:06:35.797] [DEBUG] cheese - null
[2020-11-30T15:48:48.066] [DEBUG] cheese - login => username:admin,password:123456
[2020-11-30T15:48:48.067] [DEBUG] cheese - admin
[2020-11-30T15:48:48.111] [DEBUG] cheese - null
[2020-11-30T15:48:48.111] [DEBUG] cheese - null
[2020-12-01T09:33:21.022] [DEBUG] cheese - login => username:admin,password:123456
[2020-12-01T09:33:21.026] [DEBUG] cheese - admin
[2020-12-01T09:33:21.041] [DEBUG] cheese - null
[2020-12-01T09:33:21.042] [DEBUG] cheese - null
[2020-12-01T10:41:21.618] [DEBUG] cheese - null
[2020-12-01T10:41:53.162] [DEBUG] cheese - null
[2020-12-01T10:42:13.315] [DEBUG] cheese - null
[2020-12-01T10:44:29.398] [DEBUG] cheese - null
[2020-12-01T15:44:57.086] [DEBUG] cheese - login => username:admin,password:123456
[2020-12-01T15:44:57.088] [DEBUG] cheese - admin
[2020-12-01T15:44:57.099] [DEBUG] cheese - null
[2020-12-01T15:44:57.100] [DEBUG] cheese - null
[2020-12-02T09:48:12.838] [DEBUG] cheese - login => username:admin,password:123456
[2020-12-02T09:48:12.839] [DEBUG] cheese - admin
[2020-12-02T09:48:12.885] [DEBUG] cheese - null
[2020-12-02T09:48:12.886] [DEBUG] cheese - null
[2020-12-03T10:12:28.874] [DEBUG] cheese - login => username:admin,password:123456
[2020-12-03T10:12:28.876] [DEBUG] cheese - admin
[2020-12-03T10:12:28.937] [DEBUG] cheese - null
[2020-12-03T10:12:28.937] [DEBUG] cheese - null
[2020-12-03T16:17:07.935] [DEBUG] cheese - login => username:admin,password:123456
[2020-12-03T16:17:07.937] [DEBUG] cheese - admin
[2020-12-03T16:17:07.945] [DEBUG] cheese - null
[2020-12-03T16:17:07.945] [DEBUG] cheese - null
[2020-12-04T10:16:38.538] [DEBUG] cheese - login => username:admin,password:123456
[2020-12-04T10:16:38.540] [DEBUG] cheese - admin
[2020-12-04T10:16:38.565] [DEBUG] cheese - null
[2020-12-04T10:16:38.566] [DEBUG] cheese - null
[2020-12-08T15:31:01.132] [DEBUG] cheese - login => username:admin,password:123456
[2020-12-08T15:31:01.134] [DEBUG] cheese - admin
[2020-12-08T15:31:01.166] [DEBUG] cheese - null
[2020-12-08T15:31:01.166] [DEBUG] cheese - null
[2020-12-09T17:15:36.386] [DEBUG] cheese - login => username:admin,password:123456
[2020-12-09T17:15:36.388] [DEBUG] cheese - admin
[2020-12-09T17:15:36.414] [DEBUG] cheese - null
[2020-12-09T17:15:36.414] [DEBUG] cheese - null
[2020-12-09T17:29:48.337] [DEBUG] cheese - login => username:admin,password:123456
[2020-12-09T17:29:48.337] [DEBUG] cheese - admin
[2020-12-09T17:29:48.341] [DEBUG] cheese - null
[2020-12-09T17:29:48.341] [DEBUG] cheese - null
[2020-12-16T10:59:35.719] [DEBUG] cheese - login => username:admin,password:123456
[2020-12-16T10:59:35.721] [DEBUG] cheese - admin
[2020-12-16T10:59:35.854] [DEBUG] cheese - null
[2020-12-16T10:59:35.855] [DEBUG] cheese - null
[2020-12-16T11:01:15.343] [DEBUG] cheese - login => username:admin,password:123456
[2020-12-16T11:01:15.344] [DEBUG] cheese - admin
[2020-12-16T11:01:15.348] [DEBUG] cheese - null
[2020-12-16T11:01:15.348] [DEBUG] cheese - null
[2020-12-16T11:06:25.738] [DEBUG] cheese - login => username:admin,password:niji23456
[2020-12-16T11:06:25.738] [DEBUG] cheese - admin
[2020-12-16T11:06:25.740] [DEBUG] cheese - null
[2020-12-16T11:06:25.740] [DEBUG] cheese - null
[2020-12-16T11:06:31.965] [DEBUG] cheese - login => username:admin,password:1234356
[2020-12-16T11:06:31.965] [DEBUG] cheese - admin
[2020-12-16T11:06:31.971] [DEBUG] cheese - null
[2020-12-16T11:06:31.971] [DEBUG] cheese - null
[2020-12-16T11:06:36.943] [DEBUG] cheese - login => username:admin,password:123456
[2020-12-16T11:06:36.944] [DEBUG] cheese - admin
[2020-12-16T11:06:36.949] [DEBUG] cheese - null
[2020-12-16T11:06:36.949] [DEBUG] cheese - null
[2020-12-16T11:23:10.339] [DEBUG] cheese - login => username:admin,password:123456
[2020-12-16T11:23:10.340] [DEBUG] cheese - admin
[2020-12-16T11:23:10.346] [DEBUG] cheese - null
[2020-12-16T11:23:10.346] [DEBUG] cheese - null
[2020-12-16T12:01:00.759] [DEBUG] cheese - login => username:admin,password:123456
[2020-12-16T12:01:00.759] [DEBUG] cheese - admin
[2020-12-16T12:01:00.768] [DEBUG] cheese - null
[2020-12-16T12:01:00.768] [DEBUG] cheese - null
[2020-12-16T12:02:09.034] [DEBUG] cheese - login => username:admin,password:123456
[2020-12-16T12:02:09.036] [DEBUG] cheese - admin
[2020-12-16T12:02:09.057] [DEBUG] cheese - null
[2020-12-16T12:02:09.057] [DEBUG] cheese - null
[2020-12-16T17:57:10.468] [DEBUG] cheese - login => username:admin,password:123456
[2020-12-16T17:57:10.471] [DEBUG] cheese - admin
[2020-12-16T17:57:10.480] [DEBUG] cheese - null
[2020-12-16T17:57:10.480] [DEBUG] cheese - null
[2020-12-16T18:35:29.831] [DEBUG] cheese - login => username:admin,password:123456
[2020-12-16T18:35:29.832] [DEBUG] cheese - admin
[2020-12-16T18:35:29.840] [DEBUG] cheese - null
[2020-12-16T18:35:29.840] [DEBUG] cheese - null
[2020-12-21T19:07:56.092] [DEBUG] cheese - login => username:admin,password:123456
[2020-12-21T19:07:56.096] [DEBUG] cheese - admin
[2020-12-21T19:07:56.245] [DEBUG] cheese - null
[2020-12-21T19:07:56.246] [DEBUG] cheese - null
[2020-12-22T14:17:42.138] [DEBUG] cheese - login => username:admin,password:123456
[2020-12-22T14:17:42.144] [DEBUG] cheese - admin
[2020-12-22T14:17:42.221] [DEBUG] cheese - null
[2020-12-22T14:17:42.222] [DEBUG] cheese - null
[2020-12-22T17:18:18.613] [DEBUG] cheese - login => username:admin,password:123456
[2020-12-22T17:18:18.615] [DEBUG] cheese - admin
[2020-12-22T17:18:18.629] [DEBUG] cheese - null
[2020-12-22T17:18:18.629] [DEBUG] cheese - null
[2020-12-23T14:54:51.987] [DEBUG] cheese - login => username:admin,password:123456
[2020-12-23T14:54:51.989] [DEBUG] cheese - admin
[2020-12-23T14:54:52.050] [DEBUG] cheese - null
[2020-12-23T14:54:52.050] [DEBUG] cheese - null
[2020-12-23T17:42:15.161] [DEBUG] cheese - login => username:admin,password:123456
[2020-12-23T17:42:15.161] [DEBUG] cheese - admin
[2020-12-23T17:42:15.170] [DEBUG] cheese - null
[2020-12-23T17:42:15.170] [DEBUG] cheese - null
[2020-12-25T13:07:31.754] [DEBUG] cheese - login => username:admin,password:123456
[2020-12-25T13:07:31.757] [DEBUG] cheese - admin
[2020-12-25T13:07:31.832] [DEBUG] cheese - null
[2020-12-25T13:07:31.833] [DEBUG] cheese - null
[2021-01-04T15:26:47.556] [DEBUG] cheese - login => username:admin,password:123456
[2021-01-04T15:26:47.562] [DEBUG] cheese - admin
[2021-01-04T15:26:47.646] [DEBUG] cheese - null
[2021-01-04T15:26:47.647] [DEBUG] cheese - null
[2021-01-06T17:38:24.599] [DEBUG] cheese - login => username:admin,password:123456
[2021-01-06T17:38:24.601] [DEBUG] cheese - admin
[2021-01-06T17:38:24.666] [DEBUG] cheese - null
[2021-01-06T17:38:24.667] [DEBUG] cheese - null
[2021-01-11T14:31:05.975] [DEBUG] cheese - login => username:admin,password:123456
[2021-01-11T14:31:05.977] [DEBUG] cheese - admin
[2021-01-11T14:31:06.052] [DEBUG] cheese - null
[2021-01-11T14:31:06.052] [DEBUG] cheese - null
[2021-01-12T10:35:03.870] [DEBUG] cheese - login => username:admin,password:123456
[2021-01-12T10:35:03.872] [DEBUG] cheese - admin
[2021-01-12T10:35:03.954] [DEBUG] cheese - null
[2021-01-12T10:35:03.954] [DEBUG] cheese - null
[2021-01-13T10:35:10.966] [DEBUG] cheese - login => username:admin,password:123456
[2021-01-13T10:35:10.971] [DEBUG] cheese - admin
[2021-01-13T10:35:11.065] [DEBUG] cheese - null
[2021-01-13T10:35:11.065] [DEBUG] cheese - null
[2021-01-13T11:50:36.492] [DEBUG] cheese - login => username:admin,password:123456
[2021-01-13T11:50:36.492] [DEBUG] cheese - admin
[2021-01-13T11:50:36.496] [DEBUG] cheese - null
[2021-01-13T11:50:36.496] [DEBUG] cheese - null
[2021-01-14T17:02:52.892] [DEBUG] cheese - login => username:admin,password:123456
[2021-01-14T17:02:52.895] [DEBUG] cheese - admin
[2021-01-14T17:02:52.951] [DEBUG] cheese - null
[2021-01-14T17:02:52.951] [DEBUG] cheese - null
[2021-01-14T17:51:34.535] [DEBUG] cheese - login => username:admin,password:123456
[2021-01-14T17:51:34.536] [DEBUG] cheese - admin
[2021-01-14T17:51:34.539] [DEBUG] cheese - null
[2021-01-14T17:51:34.540] [DEBUG] cheese - null
[2021-01-18T10:43:52.479] [DEBUG] cheese - login => username:admin,password:123456
[2021-01-18T10:43:52.481] [DEBUG] cheese - admin
[2021-01-18T10:43:52.535] [DEBUG] cheese - null
[2021-01-18T10:43:52.536] [DEBUG] cheese - null
[2021-01-18T15:20:25.922] [DEBUG] cheese - login => username:admin,password:123456
[2021-01-18T15:20:25.924] [DEBUG] cheese - admin
[2021-01-18T15:20:25.933] [DEBUG] cheese - null
[2021-01-18T15:20:25.934] [DEBUG] cheese - null
[2021-01-18T15:34:44.809] [DEBUG] cheese - login => username:admin,password:123456
[2021-01-18T15:34:44.810] [DEBUG] cheese - admin
[2021-01-18T15:34:44.813] [DEBUG] cheese - null
[2021-01-18T15:34:44.814] [DEBUG] cheese - null
[2021-01-18T15:43:36.289] [DEBUG] cheese - login => username:admin,password:123456
[2021-01-18T15:43:36.289] [DEBUG] cheese - admin
[2021-01-18T15:43:36.291] [DEBUG] cheese - null
[2021-01-18T15:43:36.291] [DEBUG] cheese - null
[2021-01-19T15:43:55.045] [DEBUG] cheese - login => username:admin,password:123456
[2021-01-19T15:43:55.050] [DEBUG] cheese - admin
[2021-01-19T15:43:55.054] [DEBUG] cheese - null
[2021-01-19T15:43:55.056] [DEBUG] cheese - null
[2021-01-19T16:21:04.240] [DEBUG] cheese - login => username:admin,password:123456
[2021-01-19T16:21:04.242] [DEBUG] cheese - admin
[2021-01-19T16:21:04.245] [DEBUG] cheese - null
[2021-01-19T16:21:04.246] [DEBUG] cheese - null
[2021-01-19T16:43:38.144] [DEBUG] cheese - login => username:admin,password:123456
[2021-01-19T16:43:38.145] [DEBUG] cheese - admin
[2021-01-19T16:43:38.148] [DEBUG] cheese - null
[2021-01-19T16:43:38.148] [DEBUG] cheese - null
[2021-01-19T16:45:10.213] [DEBUG] cheese - login => username:admin,password:123456
[2021-01-19T16:45:10.214] [DEBUG] cheese - admin
[2021-01-19T16:45:10.217] [DEBUG] cheese - null
[2021-01-19T16:45:10.218] [DEBUG] cheese - null
[2021-01-19T16:49:11.166] [DEBUG] cheese - login => username:admin,password:123456
[2021-01-19T16:49:11.167] [DEBUG] cheese - admin
[2021-01-19T16:49:11.172] [DEBUG] cheese - null
[2021-01-19T16:49:11.172] [DEBUG] cheese - null
[2021-02-18T15:26:00.891] [DEBUG] cheese - login => username:admin,password:123456
[2021-02-18T15:26:00.892] [DEBUG] cheese - admin
[2021-02-18T15:26:00.923] [DEBUG] cheese - null
[2021-02-18T15:26:00.923] [DEBUG] cheese - null
[2021-02-19T10:29:29.445] [DEBUG] cheese - login => username:admin,password:123456
[2021-02-19T10:29:29.447] [DEBUG] cheese - admin
[2021-02-19T10:29:29.489] [DEBUG] cheese - null
[2021-02-19T10:29:29.489] [DEBUG] cheese - null
[2021-02-19T16:31:09.457] [DEBUG] cheese - login => username:admin,password:123456
[2021-02-19T16:31:09.458] [DEBUG] cheese - admin
[2021-02-19T16:31:09.513] [DEBUG] cheese - null
[2021-02-19T16:31:09.513] [DEBUG] cheese - null
[2021-02-20T10:21:16.772] [DEBUG] cheese - login => username:admin,password:123456
[2021-02-20T10:21:16.775] [DEBUG] cheese - admin
[2021-02-20T10:21:16.786] [DEBUG] cheese - null
[2021-02-20T10:21:16.787] [DEBUG] cheese - null
[2021-02-20T10:23:27.092] [DEBUG] cheese - login => username:admin,password:123456
[2021-02-20T10:23:27.092] [DEBUG] cheese - admin
[2021-02-20T10:23:27.094] [DEBUG] cheese - null
[2021-02-20T10:23:27.094] [DEBUG] cheese - null
[2021-02-22T11:26:25.353] [DEBUG] cheese - login => username:admin,password:123456
[2021-02-22T11:26:25.362] [DEBUG] cheese - admin
[2021-02-22T11:26:25.426] [DEBUG] cheese - null
[2021-02-22T11:26:25.428] [DEBUG] cheese - null
[2021-02-22T17:04:58.364] [DEBUG] cheese - login => username:admin,password:123456
[2021-02-22T17:04:58.366] [DEBUG] cheese - admin
[2021-02-22T17:04:58.419] [DEBUG] cheese - null
[2021-02-22T17:04:58.420] [DEBUG] cheese - null
[2021-02-22T17:22:51.963] [DEBUG] cheese - login => username:admin,password:123456
[2021-02-22T17:22:51.965] [DEBUG] cheese - admin
[2021-02-22T17:22:51.971] [DEBUG] cheese - null
[2021-02-22T17:22:51.971] [DEBUG] cheese - null
[2021-02-23T11:05:07.564] [DEBUG] cheese - login => username:admin,password:123456
[2021-02-23T11:05:07.565] [DEBUG] cheese - admin
[2021-02-23T11:05:07.571] [DEBUG] cheese - null
[2021-02-23T11:05:07.572] [DEBUG] cheese - null
[2021-02-23T11:14:15.697] [DEBUG] cheese - login => username:admin,password:123456
[2021-02-23T11:14:15.697] [DEBUG] cheese - admin
[2021-02-23T11:14:15.700] [DEBUG] cheese - null
[2021-02-23T11:14:15.700] [DEBUG] cheese - null
[2021-02-23T15:44:15.878] [DEBUG] cheese - login => username:admin,password:123456
[2021-02-23T15:44:15.879] [DEBUG] cheese - admin
[2021-02-23T15:44:15.891] [DEBUG] cheese - null
[2021-02-23T15:44:15.891] [DEBUG] cheese - null
[2021-02-23T16:39:15.703] [DEBUG] cheese - login => username:admin,password:123456
[2021-02-23T16:39:15.704] [DEBUG] cheese - admin
[2021-02-23T16:39:15.707] [DEBUG] cheese - null
[2021-02-23T16:39:15.708] [DEBUG] cheese - null
[2021-02-23T16:54:24.389] [DEBUG] cheese - login => username:admin,password:123456
[2021-02-23T16:54:24.390] [DEBUG] cheese - admin
[2021-02-23T16:54:24.393] [DEBUG] cheese - null
[2021-02-23T16:54:24.393] [DEBUG] cheese - null
[2021-02-23T16:59:53.422] [DEBUG] cheese - login => username:admin,password:123456
[2021-02-23T16:59:53.424] [DEBUG] cheese - admin
[2021-02-23T16:59:53.427] [DEBUG] cheese - null
[2021-02-23T16:59:53.428] [DEBUG] cheese - null
[2021-02-24T10:14:39.909] [DEBUG] cheese - login => username:admin,password:123456
[2021-02-24T10:14:39.911] [DEBUG] cheese - admin
[2021-02-24T10:14:39.915] [DEBUG] cheese - null
[2021-02-24T10:14:39.915] [DEBUG] cheese - null
[2021-02-24T15:44:07.587] [DEBUG] cheese - login => username:admin,password:123456
[2021-02-24T15:44:07.588] [DEBUG] cheese - admin
[2021-02-24T15:44:07.592] [DEBUG] cheese - null
[2021-02-24T15:44:07.592] [DEBUG] cheese - null
[2021-02-25T10:52:02.005] [DEBUG] cheese - login => username:admin,password:123456
[2021-02-25T10:52:02.008] [DEBUG] cheese - admin
[2021-02-25T10:52:02.011] [DEBUG] cheese - null
[2021-02-25T10:52:02.012] [DEBUG] cheese - null
[2021-02-25T15:00:01.133] [DEBUG] cheese - login => username:admin,password:123456j
[2021-02-25T15:00:01.133] [DEBUG] cheese - admin
[2021-02-25T15:00:01.136] [DEBUG] cheese - null
[2021-02-25T15:00:01.136] [DEBUG] cheese - null
[2021-02-25T15:00:04.105] [DEBUG] cheese - login => username:admin,password:123456
[2021-02-25T15:00:04.105] [DEBUG] cheese - admin
[2021-02-25T15:00:04.126] [DEBUG] cheese - null
[2021-02-25T15:00:04.126] [DEBUG] cheese - null
[2021-02-25T15:39:41.529] [DEBUG] cheese - login => username:admin,password:123456
[2021-02-25T15:39:41.529] [DEBUG] cheese - admin
[2021-02-25T15:39:41.531] [DEBUG] cheese - null
[2021-02-25T15:39:41.531] [DEBUG] cheese - null
[2021-02-25T15:41:44.727] [DEBUG] cheese - login => username:admin,password:123456
[2021-02-25T15:41:44.727] [DEBUG] cheese - admin
[2021-02-25T15:41:44.729] [DEBUG] cheese - null
[2021-02-25T15:41:44.729] [DEBUG] cheese - null
[2021-02-25T15:42:15.585] [DEBUG] cheese - login => username:admin,password:123456
[2021-02-25T15:42:15.585] [DEBUG] cheese - admin
[2021-02-25T15:42:15.586] [DEBUG] cheese - null
[2021-02-25T15:42:15.586] [DEBUG] cheese - null
[2021-02-25T15:42:49.028] [DEBUG] cheese - login => username:admin,password:123456
[2021-02-25T15:42:49.028] [DEBUG] cheese - admin
[2021-02-25T15:42:49.029] [DEBUG] cheese - null
[2021-02-25T15:42:49.029] [DEBUG] cheese - null
[2021-02-25T15:43:32.285] [DEBUG] cheese - login => username:admin,password:123456dd
[2021-02-25T15:43:32.285] [DEBUG] cheese - admin
[2021-02-25T15:43:32.287] [DEBUG] cheese - null
[2021-02-25T15:43:32.287] [DEBUG] cheese - null
[2021-02-25T15:43:44.329] [DEBUG] cheese - login => username:admin,password:123456d
[2021-02-25T15:43:44.329] [DEBUG] cheese - admin
[2021-02-25T15:43:44.331] [DEBUG] cheese - null
[2021-02-25T15:43:44.331] [DEBUG] cheese - null
[2021-02-25T15:43:52.108] [DEBUG] cheese - login => username:admin,password:123456d
[2021-02-25T15:43:52.108] [DEBUG] cheese - admin
[2021-02-25T15:43:52.110] [DEBUG] cheese - null
[2021-02-25T15:43:52.110] [DEBUG] cheese - null
[2021-02-25T15:43:57.964] [DEBUG] cheese - login => username:admin,password:123456
[2021-02-25T15:43:57.964] [DEBUG] cheese - admin
[2021-02-25T15:43:57.965] [DEBUG] cheese - null
[2021-02-25T15:43:57.965] [DEBUG] cheese - null
[2021-02-25T15:44:18.870] [DEBUG] cheese - login => username:admin,password:123456n
[2021-02-25T15:44:18.870] [DEBUG] cheese - admin
[2021-02-25T15:44:18.871] [DEBUG] cheese - null
[2021-02-25T15:44:18.872] [DEBUG] cheese - null
[2021-02-25T15:44:56.249] [DEBUG] cheese - login => username:admin,password:123456
[2021-02-25T15:44:56.249] [DEBUG] cheese - admin
[2021-02-25T15:44:56.254] [DEBUG] cheese - null
[2021-02-25T15:44:56.254] [DEBUG] cheese - null
[2021-02-25T15:56:49.511] [DEBUG] cheese - login => username:admin,password:123456
[2021-02-25T15:56:49.511] [DEBUG] cheese - admin
[2021-02-25T15:56:49.513] [DEBUG] cheese - null
[2021-02-25T15:56:49.513] [DEBUG] cheese - null
[2021-02-25T15:57:53.638] [DEBUG] cheese - login => username:admin,password:123456
[2021-02-25T15:57:53.638] [DEBUG] cheese - admin
[2021-02-25T15:57:53.640] [DEBUG] cheese - null
[2021-02-25T15:57:53.640] [DEBUG] cheese - null
[2021-02-25T16:09:39.121] [DEBUG] cheese - login => username:admin,password:123456
[2021-02-25T16:09:39.122] [DEBUG] cheese - admin
[2021-02-25T16:09:39.123] [DEBUG] cheese - null
[2021-02-25T16:09:39.123] [DEBUG] cheese - null
[2021-02-25T16:13:18.614] [DEBUG] cheese - login => username:admin,password:123456
[2021-02-25T16:13:18.614] [DEBUG] cheese - admin
[2021-02-25T16:13:18.615] [DEBUG] cheese - null
[2021-02-25T16:13:18.615] [DEBUG] cheese - null
[2021-02-25T16:29:45.228] [DEBUG] cheese - login => username:admin,password:123456
[2021-02-25T16:29:45.229] [DEBUG] cheese - admin
[2021-02-25T16:29:45.231] [DEBUG] cheese - null
[2021-02-25T16:29:45.231] [DEBUG] cheese - null
[2021-02-26T12:07:57.906] [DEBUG] cheese - login => username:admin,password:123456
[2021-02-26T12:07:57.913] [DEBUG] cheese - admin
[2021-02-26T12:07:57.972] [DEBUG] cheese - null
[2021-02-26T12:07:57.972] [DEBUG] cheese - null
[2021-03-02T14:39:17.421] [DEBUG] cheese - login => username:admin,password:123456
[2021-03-02T14:39:17.423] [DEBUG] cheese - admin
[2021-03-02T14:39:17.484] [DEBUG] cheese - null
[2021-03-02T14:39:17.485] [DEBUG] cheese - null
[2021-03-02T14:41:39.971] [DEBUG] cheese - login => username:admin,password:123456
[2021-03-02T14:41:39.971] [DEBUG] cheese - admin
[2021-03-02T14:41:39.973] [DEBUG] cheese - null
[2021-03-02T14:41:39.973] [DEBUG] cheese - null
[2021-03-02T15:13:19.511] [DEBUG] cheese - login => username:admin,password:123456
[2021-03-02T15:13:19.512] [DEBUG] cheese - admin
[2021-03-02T15:13:19.514] [DEBUG] cheese - null
[2021-03-02T15:13:19.514] [DEBUG] cheese - null
[2021-03-14T14:58:53.338] [DEBUG] cheese - login => username:admin,password:123456
[2021-03-14T14:58:53.339] [DEBUG] cheese - admin
[2021-03-14T14:58:53.399] [DEBUG] cheese - null
[2021-03-14T14:58:53.400] [DEBUG] cheese - null
[2021-03-14T16:08:43.074] [DEBUG] cheese - login => username:admin,password:123456
[2021-03-14T16:08:43.075] [DEBUG] cheese - admin
[2021-03-14T16:08:43.083] [DEBUG] cheese - null
[2021-03-14T16:08:43.084] [DEBUG] cheese - null
